
 Beginning new ROOT session

Processing Resolution.C(5000,"./output/out_SampOnly2_20GeV_e-.root","./output/out_SampOnly2_20GeV_pi-.root","./output/out_SampOnly2_20GeV_e-.root",20,0,1,1,1,0,0,0.,3,"./output/hists_SampOnly2_20GeV.root","DRCNoSegment","DRSNoSegment",0,0)...
Error in <TSystem::ExpandFileName>: input: $HOME/.root.mimes, output: $HOME/.root.mimes
Warning in <TClassTable::Add>: class _Rb_tree_iterator<pair<const int,dd4hep::sim::Geant4Particle*> > already in TClassTable
Warning in <TClassTable::Add>: class _Rb_tree_const_iterator<pair<const int,dd4hep::sim::Geant4Particle*> > already in TClassTable
Warning in <TClassTable::Add>: class dd4hep::sim::SimpleRun already in TClassTable
Warning in <TClassTable::Add>: class dd4hep::sim::SimpleEvent already in TClassTable
Warning in <TClassTable::Add>: class dd4hep::sim::DataExtension already in TClassTable
Warning in <TClassTable::Add>: class dd4hep::sim::Geant4HitData already in TClassTable
Warning in <TClassTable::Add>: class dd4hep::sim::Geant4HitData::MonteCarloContrib already in TClassTable
Warning in <TClassTable::Add>: class dd4hep::sim::Geant4Tracker already in TClassTable
Warning in <TClassTable::Add>: class dd4hep::sim::Geant4Tracker::Hit already in TClassTable
Warning in <TClassTable::Add>: class dd4hep::sim::Geant4Calorimeter already in TClassTable
Warning in <TClassTable::Add>: class dd4hep::sim::Geant4Calorimeter::Hit already in TClassTable
Warning in <TClassTable::Add>: class dd4hep::sim::ParticleExtension already in TClassTable
Warning in <TClassTable::Add>: class dd4hep::sim::Geant4Particle already in TClassTable
warning warning if you change the timing histograms, please read the comment in the code


num_evt for electron file is  2000

event number rough calibration 0
 number of hcal hits is 242
 meanscinHcal 7.78007
 meancerHcal 6.94024
 meanscinHcal 42.6351
 meancerHcal 52.4775
 meanscinHcal 121.967
 meancerHcal 122.952
 meanscinHcal 235.948
 meancerHcal 241.002
 meanscinHcal 300.762
 meancerHcal 301.393
 meanscinHcal 354.791
 meancerHcal 336.805
 meanscinHcal 426.948
 meancerHcal 419.618
 meanscinHcal 510.962
 meancerHcal 462.952
 meanscinHcal 557.583
 meancerHcal 507.253
 meanscinHcal 584.166
 meancerHcal 527.348
 meanscinHcal 602.324
 meancerHcal 545.619
 meanscinHcal 620.155
 meancerHcal 558.902
 meanscinHcal 633.614
 meancerHcal 564.343
 meanscinHcal 650.515
 meancerHcal 571.115
 meanscinHcal 666.165
 meancerHcal 577.883
 meanscinHcal 666.693
 meancerHcal 578.799
 meanscinHcal 672.197
 meancerHcal 580.951
 meanscinHcal 672.357
 meancerHcal 582.077
 meanscinHcal 672.516
 meancerHcal 582.077
 meanscinHcal 672.516
 meancerHcal 582.077
 meanscinHcal 672.516
 meancerHcal 582.077
 meanscinHcal 672.516
 meancerHcal 582.077
 meanscinHcal 672.519
 meancerHcal 582.077
 meanscinHcal 672.519
 meancerHcal 582.077

event number rough calibration 1
 number of hcal hits is 212
 meanscinHcal 673.423
 meancerHcal 583.423
 meanscinHcal 684.137
 meancerHcal 589.771
 meanscinHcal 756.904
 meancerHcal 659.413
 meanscinHcal 877.43
 meancerHcal 757.461
 meanscinHcal 975.805
 meancerHcal 852.547
 meanscinHcal 1093.11
 meancerHcal 958.896
 meanscinHcal 1181.35
 meancerHcal 1033.07
 meanscinHcal 1232.45
 meancerHcal 1076.51
 meanscinHcal 1280
 meancerHcal 1105.11
 meanscinHcal 1304.49
 meancerHcal 1119.55
 meanscinHcal 1314.04
 meancerHcal 1127.61
 meanscinHcal 1319.75
 meancerHcal 1132.11
 meanscinHcal 1326.7
 meancerHcal 1136.36
 meanscinHcal 1330.15
 meancerHcal 1140.51
 meanscinHcal 1330.17
 meancerHcal 1140.51
 meanscinHcal 1330.19
 meancerHcal 1140.56
 meanscinHcal 1330.85
 meancerHcal 1140.56
 meanscinHcal 1330.98
 meancerHcal 1140.75
 meanscinHcal 1330.98
 meancerHcal 1140.75
 meanscinHcal 1331.52
 meancerHcal 1141.91
 meanscinHcal 1331.52
 meancerHcal 1141.91

event number rough calibration 2
 number of hcal hits is 242
 meanscinHcal 1337.36
 meancerHcal 1144.96
 meanscinHcal 1355.99
 meancerHcal 1164.82
 meanscinHcal 1398.17
 meancerHcal 1199.94
 meanscinHcal 1458.99
 meancerHcal 1257.53
 meanscinHcal 1542.23
 meancerHcal 1326.44
 meanscinHcal 1613.15
 meancerHcal 1381.76
 meanscinHcal 1706.88
 meancerHcal 1472.41
 meanscinHcal 1817.09
 meancerHcal 1550.24
 meanscinHcal 1880.08
 meancerHcal 1597.43
 meanscinHcal 1925.94
 meancerHcal 1637.32
 meanscinHcal 1964.15
 meancerHcal 1677.43
 meanscinHcal 1985.72
 meancerHcal 1689.45
 meanscinHcal 1997.28
 meancerHcal 1701.39
 meanscinHcal 2001.98
 meancerHcal 1710.44
 meanscinHcal 2006.41
 meancerHcal 1715.4
 meanscinHcal 2006.86
 meancerHcal 1724.58
 meanscinHcal 2007.95
 meancerHcal 1726.29
 meanscinHcal 2007.95
 meancerHcal 1728.42
 meanscinHcal 2007.95
 meancerHcal 1728.85
 meanscinHcal 2007.95
 meancerHcal 1728.85
 meanscinHcal 2007.95
 meancerHcal 1728.85
 meanscinHcal 2007.95
 meancerHcal 1728.85
 meanscinHcal 2007.95
 meancerHcal 1729.26
 meanscinHcal 2007.95
 meancerHcal 1729.26

event number rough calibration 3
 number of hcal hits is 276
 meanscinHcal 2012.62
 meancerHcal 1733.44
 meanscinHcal 2027.94
 meancerHcal 1747.77
 meanscinHcal 2075.07
 meancerHcal 1792.7
 meanscinHcal 2144.12
 meancerHcal 1865.81
 meanscinHcal 2240.17
 meancerHcal 1944.29
 meanscinHcal 2345.96
 meancerHcal 2036.48
 meanscinHcal 2439.4
 meancerHcal 2111.02
 meanscinHcal 2491.42
 meancerHcal 2157.87
 meanscinHcal 2529.61
 meancerHcal 2191.3
 meanscinHcal 2566.44
 meancerHcal 2215.26
 meanscinHcal 2606
 meancerHcal 2239.56
 meanscinHcal 2630.31
 meancerHcal 2251.86
 meanscinHcal 2643.96
 meancerHcal 2262.8
 meanscinHcal 2654.66
 meancerHcal 2281.15
 meanscinHcal 2656.96
 meancerHcal 2287.62
 meanscinHcal 2667.81
 meancerHcal 2291.68
 meanscinHcal 2671.23
 meancerHcal 2294.12
 meanscinHcal 2678.43
 meancerHcal 2296.35
 meanscinHcal 2678.47
 meancerHcal 2296.35
 meanscinHcal 2678.57
 meancerHcal 2296.35
 meanscinHcal 2678.62
 meancerHcal 2296.35
 meanscinHcal 2678.7
 meancerHcal 2296.38
 meanscinHcal 2678.7
 meancerHcal 2296.38
 meanscinHcal 2678.7
 meancerHcal 2296.38
 meanscinHcal 2678.7
 meancerHcal 2296.38
 meanscinHcal 2678.7
 meancerHcal 2296.38
 meanscinHcal 2678.7
 meancerHcal 2296.38
 meanscinHcal 2678.7

event number rough calibration 4
 number of hcal hits is 242
 meanscinHcal 2690.68
 meancerHcal 2313.63
 meanscinHcal 2735.5
 meancerHcal 2346.92
 meanscinHcal 2799.44
 meancerHcal 2406.9
 meanscinHcal 2884.03
 meancerHcal 2464.19
 meanscinHcal 2954.62
 meancerHcal 2525.52
 meanscinHcal 3031.7
 meancerHcal 2596.24
 meanscinHcal 3104.63
 meancerHcal 2655.44
 meanscinHcal 3168.76
 meancerHcal 2685.87
 meanscinHcal 3211.36
 meancerHcal 2732.74
 meanscinHcal 3234.9
 meancerHcal 2760.92
 meanscinHcal 3257.13
 meancerHcal 2783.52
 meanscinHcal 3265.1
 meancerHcal 2792.16
 meanscinHcal 3280.56
 meancerHcal 2804.96
 meanscinHcal 3301.92
 meancerHcal 2824.8
 meanscinHcal 3316.99
 meancerHcal 2831.42
 meanscinHcal 3324.22
 meancerHcal 2840.18
 meanscinHcal 3329.56
 meancerHcal 2842.74
 meanscinHcal 3336.12
 meancerHcal 2846.84
 meanscinHcal 3336.52
 meancerHcal 2847.35
 meanscinHcal 3336.68
 meancerHcal 2847.35
 meanscinHcal 3336.68
 meancerHcal 2847.35
 meanscinHcal 3336.68
 meancerHcal 2847.35
 meanscinHcal 3336.68
 meancerHcal 2847.35
 meanscinHcal 3336.68
 meancerHcal 2847.35

event number rough calibration 20

event number rough calibration 40

event number rough calibration 60

event number rough calibration 80

event number rough calibration 100

event number rough calibration 120

event number rough calibration 140

event number rough calibration 160

event number rough calibration 180

event number rough calibration 200

event number rough calibration 220

event number rough calibration 240

event number rough calibration 260

event number rough calibration 280

event number rough calibration 300

event number rough calibration 320

event number rough calibration 340

event number rough calibration 360

event number rough calibration 380

event number rough calibration 400

event number rough calibration 420

event number rough calibration 440

event number rough calibration 460

event number rough calibration 480

event number rough calibration 500

event number rough calibration 520

event number rough calibration 540

event number rough calibration 560

event number rough calibration 580

event number rough calibration 600

event number rough calibration 620

event number rough calibration 640

event number rough calibration 660

event number rough calibration 680

event number rough calibration 700

event number rough calibration 720

event number rough calibration 740

event number rough calibration 760

event number rough calibration 780

event number rough calibration 800

event number rough calibration 820

event number rough calibration 840

event number rough calibration 860

event number rough calibration 880

event number rough calibration 900

event number rough calibration 920

event number rough calibration 940

event number rough calibration 960

event number rough calibration 980

event number rough calibration 1000

event number rough calibration 1020

event number rough calibration 1040

event number rough calibration 1060

event number rough calibration 1080

event number rough calibration 1100

event number rough calibration 1120

event number rough calibration 1140

event number rough calibration 1160

event number rough calibration 1180

event number rough calibration 1200

event number rough calibration 1220

event number rough calibration 1240

event number rough calibration 1260

event number rough calibration 1280

event number rough calibration 1300

event number rough calibration 1320

event number rough calibration 1340

event number rough calibration 1360

event number rough calibration 1380

event number rough calibration 1400

event number rough calibration 1420

event number rough calibration 1440

event number rough calibration 1460

event number rough calibration 1480

event number rough calibration 1500

event number rough calibration 1520

event number rough calibration 1540

event number rough calibration 1560

event number rough calibration 1580

event number rough calibration 1600

event number rough calibration 1620

event number rough calibration 1640

event number rough calibration 1660

event number rough calibration 1680

event number rough calibration 1700

event number rough calibration 1720

event number rough calibration 1740

event number rough calibration 1760

event number rough calibration 1780

event number rough calibration 1800

event number rough calibration 1820

event number rough calibration 1840

event number rough calibration 1860

event number rough calibration 1880

event number rough calibration 1900

event number rough calibration 1920

event number rough calibration 1940

event number rough calibration 1960

event number rough calibration 1980
done with getMeanPhot
mean scint ecal is 0
mean scint hcal is 689.987
mean cer ecal is 0
mean cer hcal is 572.222
mean e ecal timecut is 0
mean e hcal timecut is 988.409
mean rel ecal timecut is 0
mean rel hcal timecut is 846.992

event number calibration refinement is 0
 number of hcal hits is 242
   2748913319950 2800800800e 6 1 1 1 1
   4947936575502 4800800800e 6 1 1 1 2
   549890064398 800800800e 6 1 1 1 0
   7146959831054 6800800800e 6 1 1 1 3
   9345983086606 8800800800e 6 1 1 1 4
   18142076108814 10800800800e 6 1 1 1 8
   11545006342158 a800800800e 6 1 1 1 5
   13744029597710 c800800800e 6 1 1 1 6
   15943052853262 e800800800e 6 1 1 1 7
   20341099364366 12800800800e 6 1 1 1 9
   2749047537678 2801000800e 6 1 1 2 1
   4948070793230 4801000800e 6 1 1 2 2
   550024282126 801000800e 6 1 1 2 0
   7147094048782 6801000800e 6 1 1 2 3
   9346117304334 8801000800e 6 1 1 2 4
   18142210326542 10801000800e 6 1 1 2 8
   11545140559886 a801000800e 6 1 1 2 5
   13744163815438 c801000800e 6 1 1 2 6
   15943187070990 e801000800e 6 1 1 2 7
   20341233582094 12801000800e 6 1 1 2 9
   2749181755406 2801800800e 6 1 1 3 1
   4948205010958 4801800800e 6 1 1 3 2
   550158499854 801800800e 6 1 1 3 0
   7147228266510 6801800800e 6 1 1 3 3
   9346251522062 8801800800e 6 1 1 3 4
   18142344544270 10801800800e 6 1 1 3 8
   11545274777614 a801800800e 6 1 1 3 5
   13744298033166 c801800800e 6 1 1 3 6
   15943321288718 e801800800e 6 1 1 3 7
   20341367799822 12801800800e 6 1 1 3 9
   32782 800e 6 1 1 0 0
   2749315973134 2802000800e 6 1 1 4 1
   4948339228686 4802000800e 6 1 1 4 2
   550292717582 802000800e 6 1 1 4 0
   7147362484238 6802000800e 6 1 1 4 3
   9346385739790 8802000800e 6 1 1 4 4
   18142478761998 10802000800e 6 1 1 4 8
   11545408995342 a802000800e 6 1 1 4 5
   13744432250894 c802000800e 6 1 1 4 6
   15943455506446 e802000800e 6 1 1 4 7
   20341502017550 12802000800e 6 1 1 4 9
   2749450190862 2802800800e 6 1 1 5 1
   4948473446414 4802800800e 6 1 1 5 2
   550426935310 802800800e 6 1 1 5 0
   7147496701966 6802800800e 6 1 1 5 3
   9346519957518 8802800800e 6 1 1 5 4
   18142612979726 10802800800e 6 1 1 5 8
   11545543213070 a802800800e 6 1 1 5 5
   13744566468622 c802800800e 6 1 1 5 6
   15943589724174 e802800800e 6 1 1 5 7
   20341636235278 12802800800e 6 1 1 5 9
   2749584408590 2803000800e 6 1 1 6 1
   4948607664142 4803000800e 6 1 1 6 2
   550561153038 803000800e 6 1 1 6 0
   7147630919694 6803000800e 6 1 1 6 3
   9346654175246 8803000800e 6 1 1 6 4
   18142747197454 10803000800e 6 1 1 6 8
   11545677430798 a803000800e 6 1 1 6 5
   13744700686350 c803000800e 6 1 1 6 6
   15943723941902 e803000800e 6 1 1 6 7
   20341770453006 12803000800e 6 1 1 6 9
   2749718626318 2803800800e 6 1 1 7 1
   4948741881870 4803800800e 6 1 1 7 2
   550695370766 803800800e 6 1 1 7 0
   7147765137422 6803800800e 6 1 1 7 3
   9346788392974 8803800800e 6 1 1 7 4
   18142881415182 10803800800e 6 1 1 7 8
   11545811648526 a803800800e 6 1 1 7 5
   13744834904078 c803800800e 6 1 1 7 6
   15943858159630 e803800800e 6 1 1 7 7
   20341904670734 12803800800e 6 1 1 7 9
   2749852844046 2804000800e 6 1 1 8 1
   4948876099598 4804000800e 6 1 1 8 2
   550829588494 804000800e 6 1 1 8 0
   7147899355150 6804000800e 6 1 1 8 3
   9346922610702 8804000800e 6 1 1 8 4
   18143015632910 10804000800e 6 1 1 8 8
   11545945866254 a804000800e 6 1 1 8 5
   13744969121806 c804000800e 6 1 1 8 6
   15943992377358 e804000800e 6 1 1 8 7
   20342038888462 12804000800e 6 1 1 8 9
   2749987061774 2804800800e 6 1 1 9 1
   4949010317326 4804800800e 6 1 1 9 2
   550963806222 804800800e 6 1 1 9 0
   7148033572878 6804800800e 6 1 1 9 3
   9347056828430 8804800800e 6 1 1 9 4
   18143149850638 10804800800e 6 1 1 9 8
   11546080083982 a804800800e 6 1 1 9 5
   13745103339534 c804800800e 6 1 1 9 6
   15944126595086 e804800800e 6 1 1 9 7
   20342173106190 12804800800e 6 1 1 9 9
   2750121279502 2805000800e 6 1 1 10 1
   4949144535054 4805000800e 6 1 1 10 2
   551098023950 805000800e 6 1 1 10 0
   7148167790606 6805000800e 6 1 1 10 3
   9347191046158 8805000800e 6 1 1 10 4
   18143284068366 10805000800e 6 1 1 10 8
   11546214301710 a805000800e 6 1 1 10 5
   13745237557262 c805000800e 6 1 1 10 6
   15944260812814 e805000800e 6 1 1 10 7
   20342307323918 12805000800e 6 1 1 10 9
   2750255497230 2805800800e 6 1 1 11 1
   4949278752782 4805800800e 6 1 1 11 2
   551232241678 805800800e 6 1 1 11 0
   7148302008334 6805800800e 6 1 1 11 3
   9347325263886 8805800800e 6 1 1 11 4
   18143418286094 10805800800e 6 1 1 11 8
   11546348519438 a805800800e 6 1 1 11 5
   13745371774990 c805800800e 6 1 1 11 6
   15944395030542 e805800800e 6 1 1 11 7
   20342441541646 12805800800e 6 1 1 11 9
   2750389714958 2806000800e 6 1 1 12 1
   4949412970510 4806000800e 6 1 1 12 2
   551366459406 806000800e 6 1 1 12 0
   7148436226062 6806000800e 6 1 1 12 3
   9347459481614 8806000800e 6 1 1 12 4
   18143552503822 10806000800e 6 1 1 12 8
   11546482737166 a806000800e 6 1 1 12 5
   13745505992718 c806000800e 6 1 1 12 6
   15944529248270 e806000800e 6 1 1 12 7
   20342575759374 12806000800e 6 1 1 12 9
   2750523932686 2806800800e 6 1 1 13 1
   4949547188238 4806800800e 6 1 1 13 2
   551500677134 806800800e 6 1 1 13 0
   7148570443790 6806800800e 6 1 1 13 3
   9347593699342 8806800800e 6 1 1 13 4
   18143686721550 10806800800e 6 1 1 13 8
   11546616954894 a806800800e 6 1 1 13 5
   13745640210446 c806800800e 6 1 1 13 6
   15944663465998 e806800800e 6 1 1 13 7
   20342709977102 12806800800e 6 1 1 13 9
   2750658150414 2807000800e 6 1 1 14 1
   4949681405966 4807000800e 6 1 1 14 2
   551634894862 807000800e 6 1 1 14 0
   7148704661518 6807000800e 6 1 1 14 3
   9347727917070 8807000800e 6 1 1 14 4
   18143820939278 10807000800e 6 1 1 14 8
   11546751172622 a807000800e 6 1 1 14 5
   13745774428174 c807000800e 6 1 1 14 6
   15944797683726 e807000800e 6 1 1 14 7
   20342844194830 12807000800e 6 1 1 14 9
   2750792368142 2807800800e 6 1 1 15 1
   4949815623694 4807800800e 6 1 1 15 2
   551769112590 807800800e 6 1 1 15 0
   7148838879246 6807800800e 6 1 1 15 3
   9347862134798 8807800800e 6 1 1 15 4
   18143955157006 10807800800e 6 1 1 15 8
   11546885390350 a807800800e 6 1 1 15 5
   13745908645902 c807800800e 6 1 1 15 6
   15944931901454 e807800800e 6 1 1 15 7
   20342978412558 12807800800e 6 1 1 15 9
   2750926585870 2808000800e 6 1 1 16 1
   4949949841422 4808000800e 6 1 1 16 2
   551903330318 808000800e 6 1 1 16 0
   7148973096974 6808000800e 6 1 1 16 3
   9347996352526 8808000800e 6 1 1 16 4
   18144089374734 10808000800e 6 1 1 16 8
   11547019608078 a808000800e 6 1 1 16 5
   13746042863630 c808000800e 6 1 1 16 6
   15945066119182 e808000800e 6 1 1 16 7
   20343112630286 12808000800e 6 1 1 16 9
   2751060803598 2808800800e 6 1 1 17 1
   4950084059150 4808800800e 6 1 1 17 2
   552037548046 808800800e 6 1 1 17 0
   7149107314702 6808800800e 6 1 1 17 3
   9348130570254 8808800800e 6 1 1 17 4
   18144223592462 10808800800e 6 1 1 17 8
   11547153825806 a808800800e 6 1 1 17 5
   13746177081358 c808800800e 6 1 1 17 6
   15945200336910 e808800800e 6 1 1 17 7
   20343246848014 12808800800e 6 1 1 17 9
   2751195021326 2809000800e 6 1 1 18 1
   4950218276878 4809000800e 6 1 1 18 2
   552171765774 809000800e 6 1 1 18 0
   7149241532430 6809000800e 6 1 1 18 3
   9348264787982 8809000800e 6 1 1 18 4
   18144357810190 10809000800e 6 1 1 18 8
   11547288043534 a809000800e 6 1 1 18 5
   13746311299086 c809000800e 6 1 1 18 6
   15945334554638 e809000800e 6 1 1 18 7
   20343381065742 12809000800e 6 1 1 18 9
   2751329239054 2809800800e 6 1 1 19 1
   4950352494606 4809800800e 6 1 1 19 2
   552305983502 809800800e 6 1 1 19 0
   7149375750158 6809800800e 6 1 1 19 3
   9348399005710 8809800800e 6 1 1 19 4
   18144492027918 10809800800e 6 1 1 19 8
   11547422261262 a809800800e 6 1 1 19 5
   13746445516814 c809800800e 6 1 1 19 6
   15945468772366 e809800800e 6 1 1 19 7
   20343515283470 12809800800e 6 1 1 19 9
   2751463456782 280a000800e 6 1 1 20 1
   4950486712334 480a000800e 6 1 1 20 2
   552440201230 80a000800e 6 1 1 20 0
   7149509967886 680a000800e 6 1 1 20 3
   9348533223438 880a000800e 6 1 1 20 4
   18144626245646 1080a000800e 6 1 1 20 8
   11547556478990 a80a000800e 6 1 1 20 5
   13746579734542 c80a000800e 6 1 1 20 6
   15945602990094 e80a000800e 6 1 1 20 7
   20343649501198 1280a000800e 6 1 1 20 9
   2751597674510 280a800800e 6 1 1 21 1
   4950620930062 480a800800e 6 1 1 21 2
   552574418958 80a800800e 6 1 1 21 0
   7149644185614 680a800800e 6 1 1 21 3
   9348667441166 880a800800e 6 1 1 21 4
   18144760463374 1080a800800e 6 1 1 21 8
   11547690696718 a80a800800e 6 1 1 21 5
   13746713952270 c80a800800e 6 1 1 21 6
   15945737207822 e80a800800e 6 1 1 21 7
   20343783718926 1280a800800e 6 1 1 21 9
   2751731892238 280b000800e 6 1 1 22 1
   4950755147790 480b000800e 6 1 1 22 2
   552708636686 80b000800e 6 1 1 22 0
   7149778403342 680b000800e 6 1 1 22 3
   9348801658894 880b000800e 6 1 1 22 4
   18144894681102 1080b000800e 6 1 1 22 8
   11547824914446 a80b000800e 6 1 1 22 5
   13746848169998 c80b000800e 6 1 1 22 6
   15945871425550 e80b000800e 6 1 1 22 7
   20343917936654 1280b000800e 6 1 1 22 9
   2751866109966 280b800800e 6 1 1 23 1
   4950889365518 480b800800e 6 1 1 23 2
   552842854414 80b800800e 6 1 1 23 0
   7149912621070 680b800800e 6 1 1 23 3
   9348935876622 880b800800e 6 1 1 23 4
   18145028898830 1080b800800e 6 1 1 23 8
   11547959132174 a80b800800e 6 1 1 23 5
   13746982387726 c80b800800e 6 1 1 23 6
   15946005643278 e80b800800e 6 1 1 23 7
   20344052154382 1280b800800e 6 1 1 23 9
   2752000327694 280c000800e 6 1 1 24 1
   4951023583246 480c000800e 6 1 1 24 2
   552977072142 80c000800e 6 1 1 24 0
   7150046838798 680c000800e 6 1 1 24 3
   9349070094350 880c000800e 6 1 1 24 4
   18145163116558 1080c000800e 6 1 1 24 8
   11548093349902 a80c000800e 6 1 1 24 5
   13747116605454 c80c000800e 6 1 1 24 6
   15946139861006 e80c000800e 6 1 1 24 7
   20344186372110 1280c000800e 6 1 1 24 9
   2752134545422 280c800800e 6 1 1 25 1

event number calibration refinement is 1
 number of hcal hits is 212
   2748913319950 2800800800e 6 1 1 1 1
   4947936575502 4800800800e 6 1 1 1 2
   549890064398 800800800e 6 1 1 1 0
   7146959831054 6800800800e 6 1 1 1 3
   9345983086606 8800800800e 6 1 1 1 4
   18142076108814 10800800800e 6 1 1 1 8
   11545006342158 a800800800e 6 1 1 1 5
   13744029597710 c800800800e 6 1 1 1 6
   15943052853262 e800800800e 6 1 1 1 7
   20341099364366 12800800800e 6 1 1 1 9
   2749047537678 2801000800e 6 1 1 2 1
   4948070793230 4801000800e 6 1 1 2 2
   550024282126 801000800e 6 1 1 2 0
   7147094048782 6801000800e 6 1 1 2 3
   9346117304334 8801000800e 6 1 1 2 4
   18142210326542 10801000800e 6 1 1 2 8
   11545140559886 a801000800e 6 1 1 2 5
   13744163815438 c801000800e 6 1 1 2 6
   15943187070990 e801000800e 6 1 1 2 7
   20341233582094 12801000800e 6 1 1 2 9
   2749181755406 2801800800e 6 1 1 3 1
   4948205010958 4801800800e 6 1 1 3 2
   550158499854 801800800e 6 1 1 3 0
   7147228266510 6801800800e 6 1 1 3 3
   9346251522062 8801800800e 6 1 1 3 4
   18142344544270 10801800800e 6 1 1 3 8
   11545274777614 a801800800e 6 1 1 3 5
   13744298033166 c801800800e 6 1 1 3 6
   15943321288718 e801800800e 6 1 1 3 7
   20341367799822 12801800800e 6 1 1 3 9
   32782 800e 6 1 1 0 0
   2749315973134 2802000800e 6 1 1 4 1
   4948339228686 4802000800e 6 1 1 4 2
   550292717582 802000800e 6 1 1 4 0
   7147362484238 6802000800e 6 1 1 4 3
   9346385739790 8802000800e 6 1 1 4 4
   18142478761998 10802000800e 6 1 1 4 8
   11545408995342 a802000800e 6 1 1 4 5
   13744432250894 c802000800e 6 1 1 4 6
   15943455506446 e802000800e 6 1 1 4 7
   20341502017550 12802000800e 6 1 1 4 9
   2749450190862 2802800800e 6 1 1 5 1
   4948473446414 4802800800e 6 1 1 5 2
   550426935310 802800800e 6 1 1 5 0
   7147496701966 6802800800e 6 1 1 5 3
   9346519957518 8802800800e 6 1 1 5 4
   18142612979726 10802800800e 6 1 1 5 8
   11545543213070 a802800800e 6 1 1 5 5
   13744566468622 c802800800e 6 1 1 5 6
   15943589724174 e802800800e 6 1 1 5 7
   20341636235278 12802800800e 6 1 1 5 9
   2749584408590 2803000800e 6 1 1 6 1
   4948607664142 4803000800e 6 1 1 6 2
   550561153038 803000800e 6 1 1 6 0
   7147630919694 6803000800e 6 1 1 6 3
   9346654175246 8803000800e 6 1 1 6 4
   18142747197454 10803000800e 6 1 1 6 8
   11545677430798 a803000800e 6 1 1 6 5
   13744700686350 c803000800e 6 1 1 6 6
   15943723941902 e803000800e 6 1 1 6 7
   20341770453006 12803000800e 6 1 1 6 9
   2749718626318 2803800800e 6 1 1 7 1
   4948741881870 4803800800e 6 1 1 7 2
   550695370766 803800800e 6 1 1 7 0
   7147765137422 6803800800e 6 1 1 7 3
   9346788392974 8803800800e 6 1 1 7 4
   18142881415182 10803800800e 6 1 1 7 8
   11545811648526 a803800800e 6 1 1 7 5
   13744834904078 c803800800e 6 1 1 7 6
   15943858159630 e803800800e 6 1 1 7 7
   20341904670734 12803800800e 6 1 1 7 9
   2749852844046 2804000800e 6 1 1 8 1
   4948876099598 4804000800e 6 1 1 8 2
   550829588494 804000800e 6 1 1 8 0
   7147899355150 6804000800e 6 1 1 8 3
   9346922610702 8804000800e 6 1 1 8 4
   18143015632910 10804000800e 6 1 1 8 8
   11545945866254 a804000800e 6 1 1 8 5
   13744969121806 c804000800e 6 1 1 8 6
   15943992377358 e804000800e 6 1 1 8 7
   20342038888462 12804000800e 6 1 1 8 9
   2749987061774 2804800800e 6 1 1 9 1
   4949010317326 4804800800e 6 1 1 9 2
   550963806222 804800800e 6 1 1 9 0
   7148033572878 6804800800e 6 1 1 9 3
   9347056828430 8804800800e 6 1 1 9 4
   18143149850638 10804800800e 6 1 1 9 8
   11546080083982 a804800800e 6 1 1 9 5
   13745103339534 c804800800e 6 1 1 9 6
   15944126595086 e804800800e 6 1 1 9 7
   20342173106190 12804800800e 6 1 1 9 9
   2750121279502 2805000800e 6 1 1 10 1
   4949144535054 4805000800e 6 1 1 10 2
   551098023950 805000800e 6 1 1 10 0
   7148167790606 6805000800e 6 1 1 10 3
   9347191046158 8805000800e 6 1 1 10 4
   18143284068366 10805000800e 6 1 1 10 8
   11546214301710 a805000800e 6 1 1 10 5
   13745237557262 c805000800e 6 1 1 10 6
   15944260812814 e805000800e 6 1 1 10 7
   20342307323918 12805000800e 6 1 1 10 9
   2750255497230 2805800800e 6 1 1 11 1
   4949278752782 4805800800e 6 1 1 11 2
   551232241678 805800800e 6 1 1 11 0
   7148302008334 6805800800e 6 1 1 11 3
   9347325263886 8805800800e 6 1 1 11 4
   18143418286094 10805800800e 6 1 1 11 8
   11546348519438 a805800800e 6 1 1 11 5
   13745371774990 c805800800e 6 1 1 11 6
   15944395030542 e805800800e 6 1 1 11 7
   20342441541646 12805800800e 6 1 1 11 9
   2750389714958 2806000800e 6 1 1 12 1
   4949412970510 4806000800e 6 1 1 12 2
   551366459406 806000800e 6 1 1 12 0
   7148436226062 6806000800e 6 1 1 12 3
   9347459481614 8806000800e 6 1 1 12 4
   18143552503822 10806000800e 6 1 1 12 8
   11546482737166 a806000800e 6 1 1 12 5
   13745505992718 c806000800e 6 1 1 12 6
   15944529248270 e806000800e 6 1 1 12 7
   20342575759374 12806000800e 6 1 1 12 9
   2750523932686 2806800800e 6 1 1 13 1
   4949547188238 4806800800e 6 1 1 13 2
   551500677134 806800800e 6 1 1 13 0
   7148570443790 6806800800e 6 1 1 13 3
   9347593699342 8806800800e 6 1 1 13 4
   18143686721550 10806800800e 6 1 1 13 8
   11546616954894 a806800800e 6 1 1 13 5
   13745640210446 c806800800e 6 1 1 13 6
   15944663465998 e806800800e 6 1 1 13 7
   20342709977102 12806800800e 6 1 1 13 9
   2750658150414 2807000800e 6 1 1 14 1
   4949681405966 4807000800e 6 1 1 14 2
   551634894862 807000800e 6 1 1 14 0
   7148704661518 6807000800e 6 1 1 14 3
   9347727917070 8807000800e 6 1 1 14 4
   18143820939278 10807000800e 6 1 1 14 8
   11546751172622 a807000800e 6 1 1 14 5
   13745774428174 c807000800e 6 1 1 14 6
   15944797683726 e807000800e 6 1 1 14 7
   20342844194830 12807000800e 6 1 1 14 9
   2750792368142 2807800800e 6 1 1 15 1
   4949815623694 4807800800e 6 1 1 15 2
   551769112590 807800800e 6 1 1 15 0
   7148838879246 6807800800e 6 1 1 15 3
   9347862134798 8807800800e 6 1 1 15 4
   18143955157006 10807800800e 6 1 1 15 8
   11546885390350 a807800800e 6 1 1 15 5
   13745908645902 c807800800e 6 1 1 15 6
   15944931901454 e807800800e 6 1 1 15 7
   20342978412558 12807800800e 6 1 1 15 9
   2750926585870 2808000800e 6 1 1 16 1
   4949949841422 4808000800e 6 1 1 16 2
   551903330318 808000800e 6 1 1 16 0
   7148973096974 6808000800e 6 1 1 16 3
   9347996352526 8808000800e 6 1 1 16 4
   18144089374734 10808000800e 6 1 1 16 8
   11547019608078 a808000800e 6 1 1 16 5
   13746042863630 c808000800e 6 1 1 16 6
   15945066119182 e808000800e 6 1 1 16 7
   20343112630286 12808000800e 6 1 1 16 9
   2751060803598 2808800800e 6 1 1 17 1
   4950084059150 4808800800e 6 1 1 17 2
   552037548046 808800800e 6 1 1 17 0
   7149107314702 6808800800e 6 1 1 17 3
   9348130570254 8808800800e 6 1 1 17 4
   18144223592462 10808800800e 6 1 1 17 8
   11547153825806 a808800800e 6 1 1 17 5
   13746177081358 c808800800e 6 1 1 17 6
   15945200336910 e808800800e 6 1 1 17 7
   20343246848014 12808800800e 6 1 1 17 9
   2751195021326 2809000800e 6 1 1 18 1
   4950218276878 4809000800e 6 1 1 18 2
   552171765774 809000800e 6 1 1 18 0
   7149241532430 6809000800e 6 1 1 18 3
   9348264787982 8809000800e 6 1 1 18 4
   18144357810190 10809000800e 6 1 1 18 8
   11547288043534 a809000800e 6 1 1 18 5
   13746311299086 c809000800e 6 1 1 18 6
   15945334554638 e809000800e 6 1 1 18 7
   20343381065742 12809000800e 6 1 1 18 9
   2751329239054 2809800800e 6 1 1 19 1
   4950352494606 4809800800e 6 1 1 19 2
   552305983502 809800800e 6 1 1 19 0
   7149375750158 6809800800e 6 1 1 19 3
   9348399005710 8809800800e 6 1 1 19 4
   18144492027918 10809800800e 6 1 1 19 8
   11547422261262 a809800800e 6 1 1 19 5
   13746445516814 c809800800e 6 1 1 19 6
   15945468772366 e809800800e 6 1 1 19 7
   20343515283470 12809800800e 6 1 1 19 9
   2751463456782 280a000800e 6 1 1 20 1
   4950486712334 480a000800e 6 1 1 20 2
   552440201230 80a000800e 6 1 1 20 0
   7149509967886 680a000800e 6 1 1 20 3
   9348533223438 880a000800e 6 1 1 20 4
   18144626245646 1080a000800e 6 1 1 20 8
   11547556478990 a80a000800e 6 1 1 20 5
   13746579734542 c80a000800e 6 1 1 20 6
   15945602990094 e80a000800e 6 1 1 20 7
   20343649501198 1280a000800e 6 1 1 20 9
   2751597674510 280a800800e 6 1 1 21 1
   4950620930062 480a800800e 6 1 1 21 2
   552574418958 80a800800e 6 1 1 21 0
   7149644185614 680a800800e 6 1 1 21 3
   9348667441166 880a800800e 6 1 1 21 4
   18144760463374 1080a800800e 6 1 1 21 8
   11547690696718 a80a800800e 6 1 1 21 5
   13746713952270 c80a800800e 6 1 1 21 6
   15945737207822 e80a800800e 6 1 1 21 7
   20343783718926 1280a800800e 6 1 1 21 9
   2751731892238 280b000800e 6 1 1 22 1

event number calibration refinement is 2
 number of hcal hits is 242
   2748913319950 2800800800e 6 1 1 1 1
   4947936575502 4800800800e 6 1 1 1 2
   549890064398 800800800e 6 1 1 1 0
   7146959831054 6800800800e 6 1 1 1 3
   9345983086606 8800800800e 6 1 1 1 4
   18142076108814 10800800800e 6 1 1 1 8
   11545006342158 a800800800e 6 1 1 1 5
   13744029597710 c800800800e 6 1 1 1 6
   15943052853262 e800800800e 6 1 1 1 7
   20341099364366 12800800800e 6 1 1 1 9
   2749047537678 2801000800e 6 1 1 2 1
   4948070793230 4801000800e 6 1 1 2 2
   550024282126 801000800e 6 1 1 2 0
   7147094048782 6801000800e 6 1 1 2 3
   9346117304334 8801000800e 6 1 1 2 4
   18142210326542 10801000800e 6 1 1 2 8
   11545140559886 a801000800e 6 1 1 2 5
   13744163815438 c801000800e 6 1 1 2 6
   15943187070990 e801000800e 6 1 1 2 7
   20341233582094 12801000800e 6 1 1 2 9
   2749181755406 2801800800e 6 1 1 3 1
   4948205010958 4801800800e 6 1 1 3 2
   550158499854 801800800e 6 1 1 3 0
   7147228266510 6801800800e 6 1 1 3 3
   9346251522062 8801800800e 6 1 1 3 4
   18142344544270 10801800800e 6 1 1 3 8
   11545274777614 a801800800e 6 1 1 3 5
   13744298033166 c801800800e 6 1 1 3 6
   15943321288718 e801800800e 6 1 1 3 7
   20341367799822 12801800800e 6 1 1 3 9
   32782 800e 6 1 1 0 0
   2749315973134 2802000800e 6 1 1 4 1
   4948339228686 4802000800e 6 1 1 4 2
   550292717582 802000800e 6 1 1 4 0
   7147362484238 6802000800e 6 1 1 4 3
   9346385739790 8802000800e 6 1 1 4 4
   18142478761998 10802000800e 6 1 1 4 8
   11545408995342 a802000800e 6 1 1 4 5
   13744432250894 c802000800e 6 1 1 4 6
   15943455506446 e802000800e 6 1 1 4 7
   20341502017550 12802000800e 6 1 1 4 9
   2749450190862 2802800800e 6 1 1 5 1
   4948473446414 4802800800e 6 1 1 5 2
   550426935310 802800800e 6 1 1 5 0
   7147496701966 6802800800e 6 1 1 5 3
   9346519957518 8802800800e 6 1 1 5 4
   18142612979726 10802800800e 6 1 1 5 8
   11545543213070 a802800800e 6 1 1 5 5
   13744566468622 c802800800e 6 1 1 5 6
   15943589724174 e802800800e 6 1 1 5 7
   20341636235278 12802800800e 6 1 1 5 9
   2749584408590 2803000800e 6 1 1 6 1
   4948607664142 4803000800e 6 1 1 6 2
   550561153038 803000800e 6 1 1 6 0
   7147630919694 6803000800e 6 1 1 6 3
   9346654175246 8803000800e 6 1 1 6 4
   18142747197454 10803000800e 6 1 1 6 8
   11545677430798 a803000800e 6 1 1 6 5
   13744700686350 c803000800e 6 1 1 6 6
   15943723941902 e803000800e 6 1 1 6 7
   20341770453006 12803000800e 6 1 1 6 9
   2749718626318 2803800800e 6 1 1 7 1
   4948741881870 4803800800e 6 1 1 7 2
   550695370766 803800800e 6 1 1 7 0
   7147765137422 6803800800e 6 1 1 7 3
   9346788392974 8803800800e 6 1 1 7 4
   18142881415182 10803800800e 6 1 1 7 8
   11545811648526 a803800800e 6 1 1 7 5
   13744834904078 c803800800e 6 1 1 7 6
   15943858159630 e803800800e 6 1 1 7 7
   20341904670734 12803800800e 6 1 1 7 9
   2749852844046 2804000800e 6 1 1 8 1
   4948876099598 4804000800e 6 1 1 8 2
   550829588494 804000800e 6 1 1 8 0
   7147899355150 6804000800e 6 1 1 8 3
   9346922610702 8804000800e 6 1 1 8 4
   18143015632910 10804000800e 6 1 1 8 8
   11545945866254 a804000800e 6 1 1 8 5
   13744969121806 c804000800e 6 1 1 8 6
   15943992377358 e804000800e 6 1 1 8 7
   20342038888462 12804000800e 6 1 1 8 9
   2749987061774 2804800800e 6 1 1 9 1
   4949010317326 4804800800e 6 1 1 9 2
   550963806222 804800800e 6 1 1 9 0
   7148033572878 6804800800e 6 1 1 9 3
   9347056828430 8804800800e 6 1 1 9 4
   18143149850638 10804800800e 6 1 1 9 8
   11546080083982 a804800800e 6 1 1 9 5
   13745103339534 c804800800e 6 1 1 9 6
   15944126595086 e804800800e 6 1 1 9 7
   20342173106190 12804800800e 6 1 1 9 9
   2750121279502 2805000800e 6 1 1 10 1
   4949144535054 4805000800e 6 1 1 10 2
   551098023950 805000800e 6 1 1 10 0
   7148167790606 6805000800e 6 1 1 10 3
   9347191046158 8805000800e 6 1 1 10 4
   18143284068366 10805000800e 6 1 1 10 8
   11546214301710 a805000800e 6 1 1 10 5
   13745237557262 c805000800e 6 1 1 10 6
   15944260812814 e805000800e 6 1 1 10 7
   20342307323918 12805000800e 6 1 1 10 9
   2750255497230 2805800800e 6 1 1 11 1
   4949278752782 4805800800e 6 1 1 11 2
   551232241678 805800800e 6 1 1 11 0
   7148302008334 6805800800e 6 1 1 11 3
   9347325263886 8805800800e 6 1 1 11 4
   18143418286094 10805800800e 6 1 1 11 8
   11546348519438 a805800800e 6 1 1 11 5
   13745371774990 c805800800e 6 1 1 11 6
   15944395030542 e805800800e 6 1 1 11 7
   20342441541646 12805800800e 6 1 1 11 9
   2750389714958 2806000800e 6 1 1 12 1
   4949412970510 4806000800e 6 1 1 12 2
   551366459406 806000800e 6 1 1 12 0
   7148436226062 6806000800e 6 1 1 12 3
   9347459481614 8806000800e 6 1 1 12 4
   18143552503822 10806000800e 6 1 1 12 8
   11546482737166 a806000800e 6 1 1 12 5
   13745505992718 c806000800e 6 1 1 12 6
   15944529248270 e806000800e 6 1 1 12 7
   20342575759374 12806000800e 6 1 1 12 9
   2750523932686 2806800800e 6 1 1 13 1
   4949547188238 4806800800e 6 1 1 13 2
   551500677134 806800800e 6 1 1 13 0
   7148570443790 6806800800e 6 1 1 13 3
   9347593699342 8806800800e 6 1 1 13 4
   18143686721550 10806800800e 6 1 1 13 8
   11546616954894 a806800800e 6 1 1 13 5
   13745640210446 c806800800e 6 1 1 13 6
   15944663465998 e806800800e 6 1 1 13 7
   20342709977102 12806800800e 6 1 1 13 9
   2750658150414 2807000800e 6 1 1 14 1
   4949681405966 4807000800e 6 1 1 14 2
   551634894862 807000800e 6 1 1 14 0
   7148704661518 6807000800e 6 1 1 14 3
   9347727917070 8807000800e 6 1 1 14 4
   18143820939278 10807000800e 6 1 1 14 8
   11546751172622 a807000800e 6 1 1 14 5
   13745774428174 c807000800e 6 1 1 14 6
   15944797683726 e807000800e 6 1 1 14 7
   20342844194830 12807000800e 6 1 1 14 9
   2750792368142 2807800800e 6 1 1 15 1
   4949815623694 4807800800e 6 1 1 15 2
   551769112590 807800800e 6 1 1 15 0
   7148838879246 6807800800e 6 1 1 15 3
   9347862134798 8807800800e 6 1 1 15 4
   18143955157006 10807800800e 6 1 1 15 8
   11546885390350 a807800800e 6 1 1 15 5
   13745908645902 c807800800e 6 1 1 15 6
   15944931901454 e807800800e 6 1 1 15 7
   20342978412558 12807800800e 6 1 1 15 9
   2750926585870 2808000800e 6 1 1 16 1
   4949949841422 4808000800e 6 1 1 16 2
   551903330318 808000800e 6 1 1 16 0
   7148973096974 6808000800e 6 1 1 16 3
   9347996352526 8808000800e 6 1 1 16 4
   18144089374734 10808000800e 6 1 1 16 8
   11547019608078 a808000800e 6 1 1 16 5
   13746042863630 c808000800e 6 1 1 16 6
   15945066119182 e808000800e 6 1 1 16 7
   20343112630286 12808000800e 6 1 1 16 9
   2751060803598 2808800800e 6 1 1 17 1
   4950084059150 4808800800e 6 1 1 17 2
   552037548046 808800800e 6 1 1 17 0
   7149107314702 6808800800e 6 1 1 17 3
   9348130570254 8808800800e 6 1 1 17 4
   18144223592462 10808800800e 6 1 1 17 8
   11547153825806 a808800800e 6 1 1 17 5
   13746177081358 c808800800e 6 1 1 17 6
   15945200336910 e808800800e 6 1 1 17 7
   20343246848014 12808800800e 6 1 1 17 9
   2751195021326 2809000800e 6 1 1 18 1
   4950218276878 4809000800e 6 1 1 18 2
   552171765774 809000800e 6 1 1 18 0
   7149241532430 6809000800e 6 1 1 18 3
   9348264787982 8809000800e 6 1 1 18 4
   18144357810190 10809000800e 6 1 1 18 8
   11547288043534 a809000800e 6 1 1 18 5
   13746311299086 c809000800e 6 1 1 18 6
   15945334554638 e809000800e 6 1 1 18 7
   20343381065742 12809000800e 6 1 1 18 9
   2751329239054 2809800800e 6 1 1 19 1
   4950352494606 4809800800e 6 1 1 19 2
   552305983502 809800800e 6 1 1 19 0
   7149375750158 6809800800e 6 1 1 19 3
   9348399005710 8809800800e 6 1 1 19 4
   18144492027918 10809800800e 6 1 1 19 8
   11547422261262 a809800800e 6 1 1 19 5
   13746445516814 c809800800e 6 1 1 19 6
   15945468772366 e809800800e 6 1 1 19 7
   20343515283470 12809800800e 6 1 1 19 9
   2751463456782 280a000800e 6 1 1 20 1
   4950486712334 480a000800e 6 1 1 20 2
   552440201230 80a000800e 6 1 1 20 0
   7149509967886 680a000800e 6 1 1 20 3
   9348533223438 880a000800e 6 1 1 20 4
   18144626245646 1080a000800e 6 1 1 20 8
   11547556478990 a80a000800e 6 1 1 20 5
   13746579734542 c80a000800e 6 1 1 20 6
   15945602990094 e80a000800e 6 1 1 20 7
   20343649501198 1280a000800e 6 1 1 20 9
   2751597674510 280a800800e 6 1 1 21 1
   4950620930062 480a800800e 6 1 1 21 2
   552574418958 80a800800e 6 1 1 21 0
   7149644185614 680a800800e 6 1 1 21 3
   9348667441166 880a800800e 6 1 1 21 4
   18144760463374 1080a800800e 6 1 1 21 8
   11547690696718 a80a800800e 6 1 1 21 5
   13746713952270 c80a800800e 6 1 1 21 6
   15945737207822 e80a800800e 6 1 1 21 7
   20343783718926 1280a800800e 6 1 1 21 9
   2751731892238 280b000800e 6 1 1 22 1
   4950755147790 480b000800e 6 1 1 22 2
   552708636686 80b000800e 6 1 1 22 0
   7149778403342 680b000800e 6 1 1 22 3
   9348801658894 880b000800e 6 1 1 22 4
   18144894681102 1080b000800e 6 1 1 22 8
   11547824914446 a80b000800e 6 1 1 22 5
   13746848169998 c80b000800e 6 1 1 22 6
   15945871425550 e80b000800e 6 1 1 22 7
   20343917936654 1280b000800e 6 1 1 22 9
   2751866109966 280b800800e 6 1 1 23 1
   4950889365518 480b800800e 6 1 1 23 2
   552842854414 80b800800e 6 1 1 23 0
   7149912621070 680b800800e 6 1 1 23 3
   9348935876622 880b800800e 6 1 1 23 4
   18145028898830 1080b800800e 6 1 1 23 8
   11547959132174 a80b800800e 6 1 1 23 5
   13746982387726 c80b800800e 6 1 1 23 6
   15946005643278 e80b800800e 6 1 1 23 7
   20344052154382 1280b800800e 6 1 1 23 9
   2752000327694 280c000800e 6 1 1 24 1
   4951023583246 480c000800e 6 1 1 24 2
   552977072142 80c000800e 6 1 1 24 0
   7150046838798 680c000800e 6 1 1 24 3
   9349070094350 880c000800e 6 1 1 24 4
   18145163116558 1080c000800e 6 1 1 24 8
   11548093349902 a80c000800e 6 1 1 24 5
   13747116605454 c80c000800e 6 1 1 24 6
   15946139861006 e80c000800e 6 1 1 24 7
   20344186372110 1280c000800e 6 1 1 24 9
   2752134545422 280c800800e 6 1 1 25 1

event number calibration refinement is 3
 number of hcal hits is 276
   2748913319950 2800800800e 6 1 1 1 1
   4947936575502 4800800800e 6 1 1 1 2
   549890064398 800800800e 6 1 1 1 0
   7146959831054 6800800800e 6 1 1 1 3
   9345983086606 8800800800e 6 1 1 1 4
   18142076108814 10800800800e 6 1 1 1 8
   11545006342158 a800800800e 6 1 1 1 5
   13744029597710 c800800800e 6 1 1 1 6
   15943052853262 e800800800e 6 1 1 1 7
   20341099364366 12800800800e 6 1 1 1 9
   2749047537678 2801000800e 6 1 1 2 1
   4948070793230 4801000800e 6 1 1 2 2
   550024282126 801000800e 6 1 1 2 0
   7147094048782 6801000800e 6 1 1 2 3
   9346117304334 8801000800e 6 1 1 2 4
   18142210326542 10801000800e 6 1 1 2 8
   11545140559886 a801000800e 6 1 1 2 5
   13744163815438 c801000800e 6 1 1 2 6
   15943187070990 e801000800e 6 1 1 2 7
   20341233582094 12801000800e 6 1 1 2 9
   2749181755406 2801800800e 6 1 1 3 1
   4948205010958 4801800800e 6 1 1 3 2
   550158499854 801800800e 6 1 1 3 0
   7147228266510 6801800800e 6 1 1 3 3
   9346251522062 8801800800e 6 1 1 3 4
   18142344544270 10801800800e 6 1 1 3 8
   11545274777614 a801800800e 6 1 1 3 5
   13744298033166 c801800800e 6 1 1 3 6
   15943321288718 e801800800e 6 1 1 3 7
   20341367799822 12801800800e 6 1 1 3 9
   32782 800e 6 1 1 0 0
   2749315973134 2802000800e 6 1 1 4 1
   4948339228686 4802000800e 6 1 1 4 2
   550292717582 802000800e 6 1 1 4 0
   7147362484238 6802000800e 6 1 1 4 3
   9346385739790 8802000800e 6 1 1 4 4
   18142478761998 10802000800e 6 1 1 4 8
   11545408995342 a802000800e 6 1 1 4 5
   13744432250894 c802000800e 6 1 1 4 6
   15943455506446 e802000800e 6 1 1 4 7
   20341502017550 12802000800e 6 1 1 4 9
   2749450190862 2802800800e 6 1 1 5 1
   4948473446414 4802800800e 6 1 1 5 2
   550426935310 802800800e 6 1 1 5 0
   7147496701966 6802800800e 6 1 1 5 3
   9346519957518 8802800800e 6 1 1 5 4
   18142612979726 10802800800e 6 1 1 5 8
   11545543213070 a802800800e 6 1 1 5 5
   13744566468622 c802800800e 6 1 1 5 6
   15943589724174 e802800800e 6 1 1 5 7
   20341636235278 12802800800e 6 1 1 5 9
   2749584408590 2803000800e 6 1 1 6 1
   4948607664142 4803000800e 6 1 1 6 2
   550561153038 803000800e 6 1 1 6 0
   7147630919694 6803000800e 6 1 1 6 3
   9346654175246 8803000800e 6 1 1 6 4
   18142747197454 10803000800e 6 1 1 6 8
   11545677430798 a803000800e 6 1 1 6 5
   13744700686350 c803000800e 6 1 1 6 6
   15943723941902 e803000800e 6 1 1 6 7
   20341770453006 12803000800e 6 1 1 6 9
   2749718626318 2803800800e 6 1 1 7 1
   4948741881870 4803800800e 6 1 1 7 2
   550695370766 803800800e 6 1 1 7 0
   7147765137422 6803800800e 6 1 1 7 3
   9346788392974 8803800800e 6 1 1 7 4
   18142881415182 10803800800e 6 1 1 7 8
   11545811648526 a803800800e 6 1 1 7 5
   13744834904078 c803800800e 6 1 1 7 6
   15943858159630 e803800800e 6 1 1 7 7
   20341904670734 12803800800e 6 1 1 7 9
   2749852844046 2804000800e 6 1 1 8 1
   4948876099598 4804000800e 6 1 1 8 2
   550829588494 804000800e 6 1 1 8 0
   7147899355150 6804000800e 6 1 1 8 3
   9346922610702 8804000800e 6 1 1 8 4
   18143015632910 10804000800e 6 1 1 8 8
   11545945866254 a804000800e 6 1 1 8 5
   13744969121806 c804000800e 6 1 1 8 6
   15943992377358 e804000800e 6 1 1 8 7
   20342038888462 12804000800e 6 1 1 8 9
   2749987061774 2804800800e 6 1 1 9 1
   4949010317326 4804800800e 6 1 1 9 2
   550963806222 804800800e 6 1 1 9 0
   7148033572878 6804800800e 6 1 1 9 3
   9347056828430 8804800800e 6 1 1 9 4
   18143149850638 10804800800e 6 1 1 9 8
   11546080083982 a804800800e 6 1 1 9 5
   13745103339534 c804800800e 6 1 1 9 6
   15944126595086 e804800800e 6 1 1 9 7
   20342173106190 12804800800e 6 1 1 9 9
   2750121279502 2805000800e 6 1 1 10 1
   4949144535054 4805000800e 6 1 1 10 2
   551098023950 805000800e 6 1 1 10 0
   7148167790606 6805000800e 6 1 1 10 3
   9347191046158 8805000800e 6 1 1 10 4
   18143284068366 10805000800e 6 1 1 10 8
   11546214301710 a805000800e 6 1 1 10 5
   13745237557262 c805000800e 6 1 1 10 6
   15944260812814 e805000800e 6 1 1 10 7
   20342307323918 12805000800e 6 1 1 10 9
   2750255497230 2805800800e 6 1 1 11 1
   4949278752782 4805800800e 6 1 1 11 2
   551232241678 805800800e 6 1 1 11 0
   7148302008334 6805800800e 6 1 1 11 3
   9347325263886 8805800800e 6 1 1 11 4
   18143418286094 10805800800e 6 1 1 11 8
   11546348519438 a805800800e 6 1 1 11 5
   13745371774990 c805800800e 6 1 1 11 6
   15944395030542 e805800800e 6 1 1 11 7
   20342441541646 12805800800e 6 1 1 11 9
   2750389714958 2806000800e 6 1 1 12 1
   4949412970510 4806000800e 6 1 1 12 2
   551366459406 806000800e 6 1 1 12 0
   7148436226062 6806000800e 6 1 1 12 3
   9347459481614 8806000800e 6 1 1 12 4
   18143552503822 10806000800e 6 1 1 12 8
   11546482737166 a806000800e 6 1 1 12 5
   13745505992718 c806000800e 6 1 1 12 6
   15944529248270 e806000800e 6 1 1 12 7
   20342575759374 12806000800e 6 1 1 12 9
   2750523932686 2806800800e 6 1 1 13 1
   4949547188238 4806800800e 6 1 1 13 2
   551500677134 806800800e 6 1 1 13 0
   7148570443790 6806800800e 6 1 1 13 3
   9347593699342 8806800800e 6 1 1 13 4
   18143686721550 10806800800e 6 1 1 13 8
   11546616954894 a806800800e 6 1 1 13 5
   13745640210446 c806800800e 6 1 1 13 6
   15944663465998 e806800800e 6 1 1 13 7
   20342709977102 12806800800e 6 1 1 13 9
   2750658150414 2807000800e 6 1 1 14 1
   4949681405966 4807000800e 6 1 1 14 2
   551634894862 807000800e 6 1 1 14 0
   7148704661518 6807000800e 6 1 1 14 3
   9347727917070 8807000800e 6 1 1 14 4
   18143820939278 10807000800e 6 1 1 14 8
   11546751172622 a807000800e 6 1 1 14 5
   13745774428174 c807000800e 6 1 1 14 6
   15944797683726 e807000800e 6 1 1 14 7
   20342844194830 12807000800e 6 1 1 14 9
   2750792368142 2807800800e 6 1 1 15 1
   4949815623694 4807800800e 6 1 1 15 2
   551769112590 807800800e 6 1 1 15 0
   7148838879246 6807800800e 6 1 1 15 3
   9347862134798 8807800800e 6 1 1 15 4
   18143955157006 10807800800e 6 1 1 15 8
   11546885390350 a807800800e 6 1 1 15 5
   13745908645902 c807800800e 6 1 1 15 6
   15944931901454 e807800800e 6 1 1 15 7
   20342978412558 12807800800e 6 1 1 15 9
   2750926585870 2808000800e 6 1 1 16 1
   4949949841422 4808000800e 6 1 1 16 2
   551903330318 808000800e 6 1 1 16 0
   7148973096974 6808000800e 6 1 1 16 3
   9347996352526 8808000800e 6 1 1 16 4
   18144089374734 10808000800e 6 1 1 16 8
   11547019608078 a808000800e 6 1 1 16 5
   13746042863630 c808000800e 6 1 1 16 6
   15945066119182 e808000800e 6 1 1 16 7
   20343112630286 12808000800e 6 1 1 16 9
   2751060803598 2808800800e 6 1 1 17 1
   4950084059150 4808800800e 6 1 1 17 2
   552037548046 808800800e 6 1 1 17 0
   7149107314702 6808800800e 6 1 1 17 3
   9348130570254 8808800800e 6 1 1 17 4
   18144223592462 10808800800e 6 1 1 17 8
   11547153825806 a808800800e 6 1 1 17 5
   13746177081358 c808800800e 6 1 1 17 6
   15945200336910 e808800800e 6 1 1 17 7
   20343246848014 12808800800e 6 1 1 17 9
   2751195021326 2809000800e 6 1 1 18 1
   4950218276878 4809000800e 6 1 1 18 2
   552171765774 809000800e 6 1 1 18 0
   7149241532430 6809000800e 6 1 1 18 3
   9348264787982 8809000800e 6 1 1 18 4
   18144357810190 10809000800e 6 1 1 18 8
   11547288043534 a809000800e 6 1 1 18 5
   13746311299086 c809000800e 6 1 1 18 6
   15945334554638 e809000800e 6 1 1 18 7
   20343381065742 12809000800e 6 1 1 18 9
   2751329239054 2809800800e 6 1 1 19 1
   4950352494606 4809800800e 6 1 1 19 2
   552305983502 809800800e 6 1 1 19 0
   7149375750158 6809800800e 6 1 1 19 3
   9348399005710 8809800800e 6 1 1 19 4
   18144492027918 10809800800e 6 1 1 19 8
   11547422261262 a809800800e 6 1 1 19 5
   13746445516814 c809800800e 6 1 1 19 6
   15945468772366 e809800800e 6 1 1 19 7
   20343515283470 12809800800e 6 1 1 19 9
   2751463456782 280a000800e 6 1 1 20 1
   4950486712334 480a000800e 6 1 1 20 2
   552440201230 80a000800e 6 1 1 20 0
   7149509967886 680a000800e 6 1 1 20 3
   9348533223438 880a000800e 6 1 1 20 4
   18144626245646 1080a000800e 6 1 1 20 8
   11547556478990 a80a000800e 6 1 1 20 5
   13746579734542 c80a000800e 6 1 1 20 6
   15945602990094 e80a000800e 6 1 1 20 7
   20343649501198 1280a000800e 6 1 1 20 9
   2751597674510 280a800800e 6 1 1 21 1
   4950620930062 480a800800e 6 1 1 21 2
   552574418958 80a800800e 6 1 1 21 0
   7149644185614 680a800800e 6 1 1 21 3
   9348667441166 880a800800e 6 1 1 21 4
   18144760463374 1080a800800e 6 1 1 21 8
   11547690696718 a80a800800e 6 1 1 21 5
   13746713952270 c80a800800e 6 1 1 21 6
   15945737207822 e80a800800e 6 1 1 21 7
   20343783718926 1280a800800e 6 1 1 21 9
   2751731892238 280b000800e 6 1 1 22 1
   4950755147790 480b000800e 6 1 1 22 2
   552708636686 80b000800e 6 1 1 22 0
   7149778403342 680b000800e 6 1 1 22 3
   9348801658894 880b000800e 6 1 1 22 4
   18144894681102 1080b000800e 6 1 1 22 8
   11547824914446 a80b000800e 6 1 1 22 5
   13746848169998 c80b000800e 6 1 1 22 6
   15945871425550 e80b000800e 6 1 1 22 7
   20343917936654 1280b000800e 6 1 1 22 9
   2751866109966 280b800800e 6 1 1 23 1
   4950889365518 480b800800e 6 1 1 23 2
   552842854414 80b800800e 6 1 1 23 0
   7149912621070 680b800800e 6 1 1 23 3
   9348935876622 880b800800e 6 1 1 23 4
   18145028898830 1080b800800e 6 1 1 23 8
   11547959132174 a80b800800e 6 1 1 23 5
   13746982387726 c80b800800e 6 1 1 23 6
   15946005643278 e80b800800e 6 1 1 23 7
   20344052154382 1280b800800e 6 1 1 23 9
   2752000327694 280c000800e 6 1 1 24 1
   4951023583246 480c000800e 6 1 1 24 2
   552977072142 80c000800e 6 1 1 24 0
   7150046838798 680c000800e 6 1 1 24 3
   9349070094350 880c000800e 6 1 1 24 4
   18145163116558 1080c000800e 6 1 1 24 8
   11548093349902 a80c000800e 6 1 1 24 5
   13747116605454 c80c000800e 6 1 1 24 6
   15946139861006 e80c000800e 6 1 1 24 7
   20344186372110 1280c000800e 6 1 1 24 9
   2752134545422 280c800800e 6 1 1 25 1
   4951157800974 480c800800e 6 1 1 25 2
   553111289870 80c800800e 6 1 1 25 0
   7150181056526 680c800800e 6 1 1 25 3
   9349204312078 880c800800e 6 1 1 25 4
   18145297334286 1080c800800e 6 1 1 25 8
   11548227567630 a80c800800e 6 1 1 25 5
   13747250823182 c80c800800e 6 1 1 25 6
   15946274078734 e80c800800e 6 1 1 25 7
   20344320589838 1280c800800e 6 1 1 25 9
   2752268763150 280d000800e 6 1 1 26 1
   4951292018702 480d000800e 6 1 1 26 2
   553245507598 80d000800e 6 1 1 26 0
   7150315274254 680d000800e 6 1 1 26 3
   9349338529806 880d000800e 6 1 1 26 4
   18145431552014 1080d000800e 6 1 1 26 8
   11548361785358 a80d000800e 6 1 1 26 5
   13747385040910 c80d000800e 6 1 1 26 6
   15946408296462 e80d000800e 6 1 1 26 7
   20344454807566 1280d000800e 6 1 1 26 9
   2752402980878 280d800800e 6 1 1 27 1
   4951426236430 480d800800e 6 1 1 27 2
   553379725326 80d800800e 6 1 1 27 0
   7150449491982 680d800800e 6 1 1 27 3
   9349472747534 880d800800e 6 1 1 27 4
   18145565769742 1080d800800e 6 1 1 27 8
   11548496003086 a80d800800e 6 1 1 27 5
   13747519258638 c80d800800e 6 1 1 27 6
   15946542514190 e80d800800e 6 1 1 27 7
   20344589025294 1280d800800e 6 1 1 27 9
   2752537198606 280e000800e 6 1 1 28 1
   7151657451534 6812000800e 6 1 1 36 3
   554587684878 812000800e 6 1 1 36 0
   9350680707086 8812000800e 6 1 1 36 4
   18146773729294 10812000800e 6 1 1 36 8

event number calibration refinement is 4
 number of hcal hits is 242
   2748913319950 2800800800e 6 1 1 1 1
   4947936575502 4800800800e 6 1 1 1 2
   549890064398 800800800e 6 1 1 1 0
   7146959831054 6800800800e 6 1 1 1 3
   9345983086606 8800800800e 6 1 1 1 4
   18142076108814 10800800800e 6 1 1 1 8
   11545006342158 a800800800e 6 1 1 1 5
   13744029597710 c800800800e 6 1 1 1 6
   15943052853262 e800800800e 6 1 1 1 7
   20341099364366 12800800800e 6 1 1 1 9
   2749047537678 2801000800e 6 1 1 2 1
   4948070793230 4801000800e 6 1 1 2 2
   550024282126 801000800e 6 1 1 2 0
   7147094048782 6801000800e 6 1 1 2 3
   9346117304334 8801000800e 6 1 1 2 4
   18142210326542 10801000800e 6 1 1 2 8
   11545140559886 a801000800e 6 1 1 2 5
   13744163815438 c801000800e 6 1 1 2 6
   15943187070990 e801000800e 6 1 1 2 7
   20341233582094 12801000800e 6 1 1 2 9
   2749181755406 2801800800e 6 1 1 3 1
   4948205010958 4801800800e 6 1 1 3 2
   550158499854 801800800e 6 1 1 3 0
   7147228266510 6801800800e 6 1 1 3 3
   9346251522062 8801800800e 6 1 1 3 4
   18142344544270 10801800800e 6 1 1 3 8
   11545274777614 a801800800e 6 1 1 3 5
   13744298033166 c801800800e 6 1 1 3 6
   15943321288718 e801800800e 6 1 1 3 7
   20341367799822 12801800800e 6 1 1 3 9
   32782 800e 6 1 1 0 0
   2749315973134 2802000800e 6 1 1 4 1
   4948339228686 4802000800e 6 1 1 4 2
   550292717582 802000800e 6 1 1 4 0
   7147362484238 6802000800e 6 1 1 4 3
   9346385739790 8802000800e 6 1 1 4 4
   18142478761998 10802000800e 6 1 1 4 8
   11545408995342 a802000800e 6 1 1 4 5
   13744432250894 c802000800e 6 1 1 4 6
   15943455506446 e802000800e 6 1 1 4 7
   20341502017550 12802000800e 6 1 1 4 9
   2749450190862 2802800800e 6 1 1 5 1
   4948473446414 4802800800e 6 1 1 5 2
   550426935310 802800800e 6 1 1 5 0
   7147496701966 6802800800e 6 1 1 5 3
   9346519957518 8802800800e 6 1 1 5 4
   18142612979726 10802800800e 6 1 1 5 8
   11545543213070 a802800800e 6 1 1 5 5
   13744566468622 c802800800e 6 1 1 5 6
   15943589724174 e802800800e 6 1 1 5 7
   20341636235278 12802800800e 6 1 1 5 9
   2749584408590 2803000800e 6 1 1 6 1
   4948607664142 4803000800e 6 1 1 6 2
   550561153038 803000800e 6 1 1 6 0
   7147630919694 6803000800e 6 1 1 6 3
   9346654175246 8803000800e 6 1 1 6 4
   18142747197454 10803000800e 6 1 1 6 8
   11545677430798 a803000800e 6 1 1 6 5
   13744700686350 c803000800e 6 1 1 6 6
   15943723941902 e803000800e 6 1 1 6 7
   20341770453006 12803000800e 6 1 1 6 9
   2749718626318 2803800800e 6 1 1 7 1
   4948741881870 4803800800e 6 1 1 7 2
   550695370766 803800800e 6 1 1 7 0
   7147765137422 6803800800e 6 1 1 7 3
   9346788392974 8803800800e 6 1 1 7 4
   18142881415182 10803800800e 6 1 1 7 8
   11545811648526 a803800800e 6 1 1 7 5
   13744834904078 c803800800e 6 1 1 7 6
   15943858159630 e803800800e 6 1 1 7 7
   20341904670734 12803800800e 6 1 1 7 9
   2749852844046 2804000800e 6 1 1 8 1
   4948876099598 4804000800e 6 1 1 8 2
   550829588494 804000800e 6 1 1 8 0
   7147899355150 6804000800e 6 1 1 8 3
   9346922610702 8804000800e 6 1 1 8 4
   18143015632910 10804000800e 6 1 1 8 8
   11545945866254 a804000800e 6 1 1 8 5
   13744969121806 c804000800e 6 1 1 8 6
   15943992377358 e804000800e 6 1 1 8 7
   20342038888462 12804000800e 6 1 1 8 9
   2749987061774 2804800800e 6 1 1 9 1
   4949010317326 4804800800e 6 1 1 9 2
   550963806222 804800800e 6 1 1 9 0
   7148033572878 6804800800e 6 1 1 9 3
   9347056828430 8804800800e 6 1 1 9 4
   18143149850638 10804800800e 6 1 1 9 8
   11546080083982 a804800800e 6 1 1 9 5
   13745103339534 c804800800e 6 1 1 9 6
   15944126595086 e804800800e 6 1 1 9 7
   20342173106190 12804800800e 6 1 1 9 9
   2750121279502 2805000800e 6 1 1 10 1
   4949144535054 4805000800e 6 1 1 10 2
   551098023950 805000800e 6 1 1 10 0
   7148167790606 6805000800e 6 1 1 10 3
   9347191046158 8805000800e 6 1 1 10 4
   18143284068366 10805000800e 6 1 1 10 8
   11546214301710 a805000800e 6 1 1 10 5
   13745237557262 c805000800e 6 1 1 10 6
   15944260812814 e805000800e 6 1 1 10 7
   20342307323918 12805000800e 6 1 1 10 9
   2750255497230 2805800800e 6 1 1 11 1
   4949278752782 4805800800e 6 1 1 11 2
   551232241678 805800800e 6 1 1 11 0
   7148302008334 6805800800e 6 1 1 11 3
   9347325263886 8805800800e 6 1 1 11 4
   18143418286094 10805800800e 6 1 1 11 8
   11546348519438 a805800800e 6 1 1 11 5
   13745371774990 c805800800e 6 1 1 11 6
   15944395030542 e805800800e 6 1 1 11 7
   20342441541646 12805800800e 6 1 1 11 9
   2750389714958 2806000800e 6 1 1 12 1
   4949412970510 4806000800e 6 1 1 12 2
   551366459406 806000800e 6 1 1 12 0
   7148436226062 6806000800e 6 1 1 12 3
   9347459481614 8806000800e 6 1 1 12 4
   18143552503822 10806000800e 6 1 1 12 8
   11546482737166 a806000800e 6 1 1 12 5
   13745505992718 c806000800e 6 1 1 12 6
   15944529248270 e806000800e 6 1 1 12 7
   20342575759374 12806000800e 6 1 1 12 9
   2750523932686 2806800800e 6 1 1 13 1
   4949547188238 4806800800e 6 1 1 13 2
   551500677134 806800800e 6 1 1 13 0
   7148570443790 6806800800e 6 1 1 13 3
   9347593699342 8806800800e 6 1 1 13 4
   18143686721550 10806800800e 6 1 1 13 8
   11546616954894 a806800800e 6 1 1 13 5
   13745640210446 c806800800e 6 1 1 13 6
   15944663465998 e806800800e 6 1 1 13 7
   20342709977102 12806800800e 6 1 1 13 9
   2750658150414 2807000800e 6 1 1 14 1
   4949681405966 4807000800e 6 1 1 14 2
   551634894862 807000800e 6 1 1 14 0
   7148704661518 6807000800e 6 1 1 14 3
   9347727917070 8807000800e 6 1 1 14 4
   18143820939278 10807000800e 6 1 1 14 8
   11546751172622 a807000800e 6 1 1 14 5
   13745774428174 c807000800e 6 1 1 14 6
   15944797683726 e807000800e 6 1 1 14 7
   20342844194830 12807000800e 6 1 1 14 9
   2750792368142 2807800800e 6 1 1 15 1
   4949815623694 4807800800e 6 1 1 15 2
   551769112590 807800800e 6 1 1 15 0
   7148838879246 6807800800e 6 1 1 15 3
   9347862134798 8807800800e 6 1 1 15 4
   18143955157006 10807800800e 6 1 1 15 8
   11546885390350 a807800800e 6 1 1 15 5
   13745908645902 c807800800e 6 1 1 15 6
   15944931901454 e807800800e 6 1 1 15 7
   20342978412558 12807800800e 6 1 1 15 9
   2750926585870 2808000800e 6 1 1 16 1
   4949949841422 4808000800e 6 1 1 16 2
   551903330318 808000800e 6 1 1 16 0
   7148973096974 6808000800e 6 1 1 16 3
   9347996352526 8808000800e 6 1 1 16 4
   18144089374734 10808000800e 6 1 1 16 8
   11547019608078 a808000800e 6 1 1 16 5
   13746042863630 c808000800e 6 1 1 16 6
   15945066119182 e808000800e 6 1 1 16 7
   20343112630286 12808000800e 6 1 1 16 9
   2751060803598 2808800800e 6 1 1 17 1
   4950084059150 4808800800e 6 1 1 17 2
   552037548046 808800800e 6 1 1 17 0
   7149107314702 6808800800e 6 1 1 17 3
   9348130570254 8808800800e 6 1 1 17 4
   18144223592462 10808800800e 6 1 1 17 8
   11547153825806 a808800800e 6 1 1 17 5
   13746177081358 c808800800e 6 1 1 17 6
   15945200336910 e808800800e 6 1 1 17 7
   20343246848014 12808800800e 6 1 1 17 9
   2751195021326 2809000800e 6 1 1 18 1
   4950218276878 4809000800e 6 1 1 18 2
   552171765774 809000800e 6 1 1 18 0
   7149241532430 6809000800e 6 1 1 18 3
   9348264787982 8809000800e 6 1 1 18 4
   18144357810190 10809000800e 6 1 1 18 8
   11547288043534 a809000800e 6 1 1 18 5
   13746311299086 c809000800e 6 1 1 18 6
   15945334554638 e809000800e 6 1 1 18 7
   20343381065742 12809000800e 6 1 1 18 9
   2751329239054 2809800800e 6 1 1 19 1
   4950352494606 4809800800e 6 1 1 19 2
   552305983502 809800800e 6 1 1 19 0
   7149375750158 6809800800e 6 1 1 19 3
   9348399005710 8809800800e 6 1 1 19 4
   18144492027918 10809800800e 6 1 1 19 8
   11547422261262 a809800800e 6 1 1 19 5
   13746445516814 c809800800e 6 1 1 19 6
   15945468772366 e809800800e 6 1 1 19 7
   20343515283470 12809800800e 6 1 1 19 9
   2751463456782 280a000800e 6 1 1 20 1
   4950486712334 480a000800e 6 1 1 20 2
   552440201230 80a000800e 6 1 1 20 0
   7149509967886 680a000800e 6 1 1 20 3
   9348533223438 880a000800e 6 1 1 20 4
   18144626245646 1080a000800e 6 1 1 20 8
   11547556478990 a80a000800e 6 1 1 20 5
   13746579734542 c80a000800e 6 1 1 20 6
   15945602990094 e80a000800e 6 1 1 20 7
   20343649501198 1280a000800e 6 1 1 20 9
   2751597674510 280a800800e 6 1 1 21 1
   4950620930062 480a800800e 6 1 1 21 2
   552574418958 80a800800e 6 1 1 21 0
   7149644185614 680a800800e 6 1 1 21 3
   9348667441166 880a800800e 6 1 1 21 4
   18144760463374 1080a800800e 6 1 1 21 8
   11547690696718 a80a800800e 6 1 1 21 5
   13746713952270 c80a800800e 6 1 1 21 6
   15945737207822 e80a800800e 6 1 1 21 7
   20343783718926 1280a800800e 6 1 1 21 9
   2751731892238 280b000800e 6 1 1 22 1
   4950755147790 480b000800e 6 1 1 22 2
   552708636686 80b000800e 6 1 1 22 0
   7149778403342 680b000800e 6 1 1 22 3
   9348801658894 880b000800e 6 1 1 22 4
   18144894681102 1080b000800e 6 1 1 22 8
   11547824914446 a80b000800e 6 1 1 22 5
   13746848169998 c80b000800e 6 1 1 22 6
   15945871425550 e80b000800e 6 1 1 22 7
   20343917936654 1280b000800e 6 1 1 22 9
   2751866109966 280b800800e 6 1 1 23 1
   4950889365518 480b800800e 6 1 1 23 2
   552842854414 80b800800e 6 1 1 23 0
   7149912621070 680b800800e 6 1 1 23 3
   9348935876622 880b800800e 6 1 1 23 4
   18145028898830 1080b800800e 6 1 1 23 8
   11547959132174 a80b800800e 6 1 1 23 5
   13746982387726 c80b800800e 6 1 1 23 6
   15946005643278 e80b800800e 6 1 1 23 7
   20344052154382 1280b800800e 6 1 1 23 9
   2752000327694 280c000800e 6 1 1 24 1
   4951023583246 480c000800e 6 1 1 24 2
   552977072142 80c000800e 6 1 1 24 0
   7150046838798 680c000800e 6 1 1 24 3
   9349070094350 880c000800e 6 1 1 24 4
   18145163116558 1080c000800e 6 1 1 24 8
   11548093349902 a80c000800e 6 1 1 24 5
   13747116605454 c80c000800e 6 1 1 24 6
   15946139861006 e80c000800e 6 1 1 24 7
   20344186372110 1280c000800e 6 1 1 24 9
   2752134545422 280c800800e 6 1 1 25 1

event number calibration refinement is 20

event number calibration refinement is 40

event number calibration refinement is 60

event number calibration refinement is 80

event number calibration refinement is 100

event number calibration refinement is 120

event number calibration refinement is 140

event number calibration refinement is 160

event number calibration refinement is 180

event number calibration refinement is 200

event number calibration refinement is 220

event number calibration refinement is 240

event number calibration refinement is 260

event number calibration refinement is 280

event number calibration refinement is 300

event number calibration refinement is 320

event number calibration refinement is 340

event number calibration refinement is 360

event number calibration refinement is 380

event number calibration refinement is 400

event number calibration refinement is 420

event number calibration refinement is 440

event number calibration refinement is 460

event number calibration refinement is 480

event number calibration refinement is 500

event number calibration refinement is 520

event number calibration refinement is 540

event number calibration refinement is 560

event number calibration refinement is 580

event number calibration refinement is 600

event number calibration refinement is 620

event number calibration refinement is 640

event number calibration refinement is 660

event number calibration refinement is 680

event number calibration refinement is 700

event number calibration refinement is 720

event number calibration refinement is 740

event number calibration refinement is 760

event number calibration refinement is 780

event number calibration refinement is 800

event number calibration refinement is 820

event number calibration refinement is 840

event number calibration refinement is 860

event number calibration refinement is 880

event number calibration refinement is 900

event number calibration refinement is 920

event number calibration refinement is 940

event number calibration refinement is 960

event number calibration refinement is 980

event number calibration refinement is 1000

event number calibration refinement is 1020

event number calibration refinement is 1040

event number calibration refinement is 1060

event number calibration refinement is 1080

event number calibration refinement is 1100

event number calibration refinement is 1120

event number calibration refinement is 1140

event number calibration refinement is 1160

event number calibration refinement is 1180

event number calibration refinement is 1200

event number calibration refinement is 1220

event number calibration refinement is 1240

event number calibration refinement is 1260

event number calibration refinement is 1280

event number calibration refinement is 1300

event number calibration refinement is 1320

event number calibration refinement is 1340

event number calibration refinement is 1360

event number calibration refinement is 1380

event number calibration refinement is 1400

event number calibration refinement is 1420

event number calibration refinement is 1440

event number calibration refinement is 1460

event number calibration refinement is 1480

event number calibration refinement is 1500

event number calibration refinement is 1520

event number calibration refinement is 1540

event number calibration refinement is 1560

event number calibration refinement is 1580

event number calibration refinement is 1600

event number calibration refinement is 1620

event number calibration refinement is 1640

event number calibration refinement is 1660

event number calibration refinement is 1680

event number calibration refinement is 1700

event number calibration refinement is 1720

event number calibration refinement is 1740

event number calibration refinement is 1760

event number calibration refinement is 1780

event number calibration refinement is 1800

event number calibration refinement is 1820

event number calibration refinement is 1840

event number calibration refinement is 1860

event number calibration refinement is 1880

event number calibration refinement is 1900

event number calibration refinement is 1920

event number calibration refinement is 1940

event number calibration refinement is 1960

event number calibration refinement is 1980
 FCN=31.1053 FROM MIGRAD    STATUS=CONVERGED      78 CALLS          79 TOTAL
                     EDM=6.56429e-09    STRATEGY= 1      ERROR MATRIX ACCURATE 
  EXT PARAMETER                                   STEP         FIRST   
  NO.   NAME      VALUE            ERROR          SIZE      DERIVATIVE 
   1  Constant     5.12935e+01   1.69973e+00   3.42278e-03  -4.21716e-05
   2  Mean         9.99645e-01   1.45903e-03   4.03584e-06  -2.09160e-02
   3  Sigma        4.57474e-02   1.81577e-03   3.11326e-05   3.16776e-03

Hcal cer refine calib fit params 51.2935 0.999645 0.0457474

 FCN=36.8488 FROM MIGRAD    STATUS=CONVERGED      75 CALLS          76 TOTAL
                     EDM=6.43674e-09    STRATEGY= 1      ERROR MATRIX ACCURATE 
  EXT PARAMETER                                   STEP         FIRST   
  NO.   NAME      VALUE            ERROR          SIZE      DERIVATIVE 
   1  Constant     5.50461e+01   1.83386e+00   3.99961e-03  -4.46362e-05
   2  Mean         9.98223e-01   1.32954e-03   3.99306e-06  -2.46898e-03
   3  Sigma        4.20688e-02   1.64375e-03   3.29362e-05   2.67503e-03

Hcal scint refine calib fit params 55.0461 0.998223 0.0420688

event number second is 0
getstuff phot ievt is 0

 number of hcal hits is 242

 number of edge hits is 6
GETSTUFF electrons
 ehcaltimecut is 1.35668


total energy deposit 19.9452
       cal total energy deposit 19.6002
       cal EM total energy deposit 15.2482
       in air 0
       in ecal dead material 0
       in photodetector ecal 0
       in crystal 0
       in fiber1 0.672519
       in fiber2 0.687843
       in absorber 18.2399
       in photodetect hcal 5.67661e-06
       edge detector 0.345019
       sum individual 19.9452
   incident energy 20
   ratio to incident energy 0.997262
total number of cherenkov ecal is 0
total number of scintillator ecal is 0
total number of cherenkov hcal is 582.077
total number of scintillator hcal is 672.519
number inelastic is 4

event number second is 1
getstuff phot ievt is 1

 number of hcal hits is 212

 number of edge hits is 6
GETSTUFF electrons
 ehcaltimecut is 1.31264


total energy deposit 19.9627
       cal total energy deposit 19.6948
       cal EM total energy deposit 15.2629
       in air 0
       in ecal dead material 0
       in photodetector ecal 0
       in crystal 0
       in fiber1 0.659004
       in fiber2 0.653786
       in absorber 18.382
       in photodetect hcal 5.81999e-06
       edge detector 0.267859
       sum individual 19.9627
   incident energy 20
   ratio to incident energy 0.998133
total number of cherenkov ecal is 0
total number of scintillator ecal is 0
total number of cherenkov hcal is 559.831
total number of scintillator hcal is 659.004
number inelastic is 0

event number second is 2
getstuff phot ievt is 2

 number of hcal hits is 242

 number of edge hits is 6
GETSTUFF electrons
 ehcaltimecut is 1.36285


total energy deposit 19.9263
       cal total energy deposit 19.6073
       cal EM total energy deposit 15.1383
       in air 0
       in ecal dead material 0
       in photodetector ecal 0
       in crystal 0
       in fiber1 0.676431
       in fiber2 0.687891
       in absorber 18.243
       in photodetect hcal 9.54087e-06
       edge detector 0.318906
       sum individual 19.9263
   incident energy 20
   ratio to incident energy 0.996313
total number of cherenkov ecal is 0
total number of scintillator ecal is 0
total number of cherenkov hcal is 587.348
total number of scintillator hcal is 676.431
number inelastic is 1

event number second is 3
getstuff phot ievt is 3

 number of hcal hits is 276

 number of edge hits is 6
GETSTUFF electrons
 ehcaltimecut is 1.33251


total energy deposit 19.9461
       cal total energy deposit 19.6681
       cal EM total energy deposit 15.2768
       in air 0
       in ecal dead material 0
       in photodetector ecal 0
       in crystal 0
       in fiber1 0.670747
       in fiber2 0.662206
       in absorber 18.3351
       in photodetect hcal 5.69059e-06
       edge detector 0.27798
       sum individual 19.9461
   incident energy 20
   ratio to incident energy 0.997303
total number of cherenkov ecal is 0
total number of scintillator ecal is 0
total number of cherenkov hcal is 567.126
total number of scintillator hcal is 670.747
number inelastic is 0

event number second is 4
getstuff phot ievt is 4

 number of hcal hits is 242

 number of edge hits is 6
GETSTUFF electrons
 ehcaltimecut is 1.30528


total energy deposit 19.877
       cal total energy deposit 19.4273
       cal EM total energy deposit 14.8533
       in air 0
       in ecal dead material 0
       in photodetector ecal 0
       in crystal 0
       in fiber1 0.657975
       in fiber2 0.652557
       in absorber 18.1168
       in photodetect hcal 5.89714e-06
       edge detector 0.449711
       sum individual 19.877
   incident energy 20
   ratio to incident energy 0.993852
total number of cherenkov ecal is 0
total number of scintillator ecal is 0
total number of cherenkov hcal is 550.973
total number of scintillator hcal is 657.975
number inelastic is 4

event number second is 20
event number second is 40
event number second is 60
event number second is 80
event number second is 100
event number second is 120
event number second is 140
event number second is 160
event number second is 180
event number second is 200
event number second is 220
event number second is 240
event number second is 260
event number second is 280
event number second is 300
event number second is 320
event number second is 340
event number second is 360
event number second is 380
event number second is 400
event number second is 420
event number second is 440
event number second is 460
event number second is 480
event number second is 500
event number second is 520
event number second is 540
event number second is 560
event number second is 580
event number second is 600
event number second is 620
event number second is 640
event number second is 660
event number second is 680
event number second is 700
event number second is 720
event number second is 740
event number second is 760
event number second is 780
event number second is 800
event number second is 820
event number second is 840
event number second is 860
event number second is 880
event number second is 900
event number second is 920
event number second is 940
event number second is 960
event number second is 980
event number second is 1000
event number second is 1020
event number second is 1040
event number second is 1060
event number second is 1080
event number second is 1100
event number second is 1120
event number second is 1140
event number second is 1160
event number second is 1180
event number second is 1200
event number second is 1220
event number second is 1240
event number second is 1260
event number second is 1280
event number second is 1300
event number second is 1320
event number second is 1340
event number second is 1360
event number second is 1380
event number second is 1400
event number second is 1420
event number second is 1440
event number second is 1460
event number second is 1480
event number second is 1500
event number second is 1520
event number second is 1540
event number second is 1560
event number second is 1580
event number second is 1600
event number second is 1620
event number second is 1640
event number second is 1660
event number second is 1680
event number second is 1700
event number second is 1720
event number second is 1740
event number second is 1760
event number second is 1780
event number second is 1800
event number second is 1820
event number second is 1840
event number second is 1860
event number second is 1880
event number second is 1900
event number second is 1920
event number second is 1940
event number second is 1960
event number second is 1980
done with getstuff electrons
 FCN=109.229 FROM MIGRAD    STATUS=CONVERGED      79 CALLS          80 TOTAL
                     EDM=1.0781e-09    STRATEGY= 1      ERROR MATRIX ACCURATE 
  EXT PARAMETER                                   STEP         FIRST   
  NO.   NAME      VALUE            ERROR          SIZE      DERIVATIVE 
   1  Constant     7.32836e+02   2.22021e+01   8.84853e-02  -1.09689e-06
   2  Mean         7.61826e-01   9.76444e-05   4.44405e-07  -4.81809e-01
   3  Sigma        3.68033e-03   7.01498e-05   2.11795e-05  -5.18267e-03
!!!!!!!!!!!!!!!!!!!!!!!!!!!!!!!  fnorm is 0.761826
pion file open
pion branches found
num_evt for pion file is  2000
event number pion is 0
getstuff phot ievt is 0

 number of hcal hits is 401

 number of edge hits is 6


GETSTUFF pions
 phcaltimecut is 0.636986
 prelhcaltimecut is 0.384168
total energy deposit 17.3606
       cal total energy deposit 8.78683
       cal EM total energy deposit 5.58149
       in air 0
       in ecal dead 0
       in photodetector ecal 0
       in crystal 0
       in fiber1 0.279845
       in fiber2 0.426858
       sum of fibers 0.706703
       in absorber 8.08013
       in photodetect hcal 2.05342e-06
       edge detector 8.57375
       sum individual 17.3606
   incident energy 20
   ratio to incident energy 0.86803
total number of cherenkov ecal is 0
total number of scintillator ecal is 0
total number of cherenkov hcal is 219.393
total number of scintillator hcal is 279.845

 number of inelastic is 74
event number pion is 1
getstuff phot ievt is 1

 number of hcal hits is 322

 number of edge hits is 6


GETSTUFF pions
 phcaltimecut is 1.06742
 prelhcaltimecut is 0.545145
total energy deposit 17.6872
       cal total energy deposit 12.4087
       cal EM total energy deposit 7.4349
       in air 0
       in ecal dead 0
       in photodetector ecal 0
       in crystal 0
       in fiber1 0.563019
       in fiber2 0.562855
       sum of fibers 1.12587
       in absorber 11.2828
       in photodetect hcal 3.01519e-06
       edge detector 5.2785
       sum individual 17.6872
   incident energy 20
   ratio to incident energy 0.884358
total number of cherenkov ecal is 0
total number of scintillator ecal is 0
total number of cherenkov hcal is 271.458
total number of scintillator hcal is 563.019

 number of inelastic is 77
event number pion is 2
getstuff phot ievt is 2

 number of hcal hits is 401

 number of edge hits is 6


GETSTUFF pions
 phcaltimecut is 1.31261
 prelhcaltimecut is 1.10152
total energy deposit 19.6094
       cal total energy deposit 18.0671
       cal EM total energy deposit 14.0175
       in air 0
       in ecal dead 0
       in photodetector ecal 0
       in crystal 0
       in fiber1 0.663257
       in fiber2 0.654196
       sum of fibers 1.31745
       in absorber 16.7497
       in photodetect hcal 5.99032e-06
       edge detector 1.5423
       sum individual 19.6094
   incident energy 20
   ratio to incident energy 0.980471
total number of cherenkov ecal is 0
total number of scintillator ecal is 0
total number of cherenkov hcal is 529.831
total number of scintillator hcal is 663.257

 number of inelastic is 13
event number pion is 3
getstuff phot ievt is 3

 number of hcal hits is 312

 number of edge hits is 6


GETSTUFF pions
 phcaltimecut is 1.29069
 prelhcaltimecut is 1.10934
total energy deposit 19.9032
       cal total energy deposit 19.5606
       cal EM total energy deposit 15.0425
       in air 0
       in ecal dead 0
       in photodetector ecal 0
       in crystal 0
       in fiber1 0.642233
       in fiber2 0.649654
       sum of fibers 1.29189
       in absorber 18.2687
       in photodetect hcal 6.66884e-06
       edge detector 0.342559
       sum individual 19.9032
   incident energy 20
   ratio to incident energy 0.995159
total number of cherenkov ecal is 0
total number of scintillator ecal is 0
total number of cherenkov hcal is 551.168
total number of scintillator hcal is 642.233

 number of inelastic is 4
event number pion is 4
getstuff phot ievt is 4

 number of hcal hits is 232

 number of edge hits is 6


GETSTUFF pions
 phcaltimecut is 0.846516
 prelhcaltimecut is 0.51259
total energy deposit 17.5174
       cal total energy deposit 10.894
       cal EM total energy deposit 6.59167
       in air 0
       in ecal dead 0
       in photodetector ecal 0
       in crystal 0
       in fiber1 0.455595
       in fiber2 0.433658
       sum of fibers 0.889253
       in absorber 10.0047
       in photodetect hcal 3.28967e-06
       edge detector 6.62345
       sum individual 17.5174
   incident energy 20
   ratio to incident energy 0.875872
total number of cherenkov ecal is 0
total number of scintillator ecal is 0
total number of cherenkov hcal is 258.193
total number of scintillator hcal is 455.595

 number of inelastic is 66
event number pion is 20
event number pion is 40
event number pion is 60
event number pion is 80
event number pion is 100
event number pion is 120
event number pion is 140
event number pion is 160
event number pion is 180
event number pion is 200
event number pion is 220
event number pion is 240
event number pion is 260
event number pion is 280
event number pion is 300
event number pion is 320
event number pion is 340
event number pion is 360
event number pion is 380
event number pion is 400
event number pion is 420
event number pion is 440
event number pion is 460
event number pion is 480
event number pion is 500
event number pion is 520
event number pion is 540
event number pion is 560
event number pion is 580
event number pion is 600
event number pion is 620
event number pion is 640
event number pion is 660
event number pion is 680
event number pion is 700
event number pion is 720
event number pion is 740
event number pion is 760
event number pion is 780
event number pion is 800
event number pion is 820
event number pion is 840
event number pion is 860
event number pion is 880
event number pion is 900
event number pion is 920
event number pion is 940
event number pion is 960
event number pion is 980
event number pion is 1000
event number pion is 1020
event number pion is 1040
event number pion is 1060
event number pion is 1080
event number pion is 1100
event number pion is 1120
event number pion is 1140
event number pion is 1160
event number pion is 1180
event number pion is 1200
event number pion is 1220
event number pion is 1240
event number pion is 1260
event number pion is 1280
event number pion is 1300
event number pion is 1320
event number pion is 1340
event number pion is 1360
event number pion is 1380
event number pion is 1400
event number pion is 1420
event number pion is 1440
event number pion is 1460
event number pion is 1480
event number pion is 1500
event number pion is 1520
event number pion is 1540
event number pion is 1560
event number pion is 1580
event number pion is 1600
event number pion is 1620
event number pion is 1640
event number pion is 1660
event number pion is 1680
event number pion is 1700
event number pion is 1720
event number pion is 1740
event number pion is 1760
event number pion is 1780
event number pion is 1800
event number pion is 1820
event number pion is 1840
event number pion is 1860
event number pion is 1880
event number pion is 1900
event number pion is 1920
event number pion is 1940
event number pion is 1960
event number pion is 1980
meanSEcal is 0
meanCEcal is 0
meanSHcal is 0.710078
meanCHcal is 0.534616
 starting fits
arms amean are 0.167116 0.710078
Info in <TCanvas::MakeDefCanvas>:  created default TCanvas with name c1
 FCN=180.227 FROM MIGRAD    STATUS=CONVERGED      74 CALLS          75 TOTAL
                     EDM=5.82189e-09    STRATEGY= 1      ERROR MATRIX ACCURATE 
  EXT PARAMETER                                   STEP         FIRST   
  NO.   NAME      VALUE            ERROR          SIZE      DERIVATIVE 
   1  Constant     1.70024e+01   5.61596e-01   2.77087e-03   8.21952e-05
   2  Mean         7.27913e-01   3.53413e-03   2.16954e-05   7.89334e-03
   3  Sigma        1.19155e-01   3.28503e-03   4.46472e-05   1.25867e-02
 p0 p1 p2 17.0024 0.727913 0.119155
Info in <TCanvas::Print>: .png file junkxx5.png has been created

 Hcal nscint fit params 17.0024 0.727913 0.119155

arms amean are 0.166941 0.534616
 FCN=190.293 FROM MIGRAD    STATUS=CONVERGED      75 CALLS          76 TOTAL
                     EDM=4.88168e-08    STRATEGY= 1      ERROR MATRIX ACCURATE 
  EXT PARAMETER                                   STEP         FIRST   
  NO.   NAME      VALUE            ERROR          SIZE      DERIVATIVE 
   1  Constant     1.57311e+01   5.16506e-01   2.67430e-03   2.83245e-04
   2  Mean         5.17427e-01   3.63975e-03   2.45517e-05   3.00689e-02
   3  Sigma        1.26295e-01   3.47012e-03   4.97982e-05   3.77382e-02
 p0 p1 p2 17.0024 0.727913 0.119155
Info in <TCanvas::Print>: .png file junkxx6.png has been created

 Hcal ncer fit params 15.7311 0.517427 0.126295

0.727913 0.517427
 hoverehcalscint hoverehcalcer kappa hcal are 0.727913 0.517427 0.563825
event number pion is 0
getstuffdualcorr phot ievt is 0
 number of hcal hits is 401

 number of edge hits is 6
event number pion is 1
getstuffdualcorr phot ievt is 1
 number of hcal hits is 322

 number of edge hits is 6
event number pion is 2
getstuffdualcorr phot ievt is 2
 number of hcal hits is 401

 number of edge hits is 6
event number pion is 3
getstuffdualcorr phot ievt is 3
 number of hcal hits is 312

 number of edge hits is 6
event number pion is 4
getstuffdualcorr phot ievt is 4
 number of hcal hits is 232

 number of edge hits is 6
event number pion is 20
event number pion is 40
event number pion is 60
event number pion is 80
event number pion is 100
event number pion is 120
event number pion is 140
event number pion is 160
event number pion is 180
event number pion is 200
event number pion is 220
event number pion is 240
event number pion is 260
event number pion is 280
event number pion is 300
event number pion is 320
event number pion is 340
event number pion is 360
event number pion is 380
event number pion is 400
event number pion is 420
event number pion is 440
event number pion is 460
event number pion is 480
event number pion is 500
event number pion is 520
event number pion is 540
event number pion is 560
event number pion is 580
event number pion is 600
event number pion is 620
event number pion is 640
event number pion is 660
event number pion is 680
event number pion is 700
event number pion is 720
event number pion is 740
event number pion is 760
event number pion is 780
event number pion is 800
event number pion is 820
event number pion is 840
event number pion is 860
event number pion is 880
event number pion is 900
event number pion is 920
event number pion is 940
event number pion is 960
event number pion is 980
event number pion is 1000
event number pion is 1020
event number pion is 1040
event number pion is 1060
event number pion is 1080
event number pion is 1100
event number pion is 1120
event number pion is 1140
event number pion is 1160
event number pion is 1180
event number pion is 1200
event number pion is 1220
event number pion is 1240
event number pion is 1260
event number pion is 1280
event number pion is 1300
event number pion is 1320
event number pion is 1340
event number pion is 1360
event number pion is 1380
event number pion is 1400
event number pion is 1420
event number pion is 1440
event number pion is 1460
event number pion is 1480
event number pion is 1500
event number pion is 1520
event number pion is 1540
event number pion is 1560
event number pion is 1580
event number pion is 1600
event number pion is 1620
event number pion is 1640
event number pion is 1660
event number pion is 1680
event number pion is 1700
event number pion is 1720
event number pion is 1740
event number pion is 1760
event number pion is 1780
event number pion is 1800
event number pion is 1820
event number pion is 1840
event number pion is 1860
event number pion is 1880
event number pion is 1900
event number pion is 1920
event number pion is 1940
event number pion is 1960
event number pion is 1980
 FCN=188.664 FROM MIGRAD    STATUS=CONVERGED      65 CALLS          66 TOTAL
                     EDM=2.19406e-08    STRATEGY= 1      ERROR MATRIX ACCURATE 
  EXT PARAMETER                                   STEP         FIRST   
  NO.   NAME      VALUE            ERROR          SIZE      DERIVATIVE 
   1  Constant     1.90495e+01   6.13109e-01   3.09321e-03   3.58346e-04
   2  Mean         5.11641e-01   3.53682e-03   2.33549e-05   2.88889e-02
   3  Sigma        1.37099e-01   3.19206e-03   3.85503e-05   5.16386e-03
 FCN=85.7827 FROM MIGRAD    STATUS=CONVERGED      78 CALLS          79 TOTAL
                     EDM=7.96018e-07    STRATEGY= 1      ERROR MATRIX ACCURATE 
  EXT PARAMETER                                   STEP         FIRST   
  NO.   NAME      VALUE            ERROR          SIZE      DERIVATIVE 
   1  Constant     1.99880e+01   7.72506e-01   2.47530e-03   1.93051e-03
   2  Mean         5.01528e-01   5.09495e-03   2.31445e-05   1.43062e-01
   3  Sigma        1.25235e-01   7.61060e-03   8.14126e-05   5.11004e-02

 rel fract fit params 19.988 0.501528 0.125235

 FCN=243.713 FROM MIGRAD    STATUS=CONVERGED      78 CALLS          79 TOTAL
                     EDM=3.80991e-10    STRATEGY= 1      ERROR MATRIX ACCURATE 
  EXT PARAMETER                                   STEP         FIRST   
  NO.   NAME      VALUE            ERROR          SIZE      DERIVATIVE 
   1  Constant     1.52432e+01   4.97791e-01   2.85922e-03  -1.04193e-05
   2  Mean         5.20923e-01   3.41645e-03   2.58357e-05   7.29544e-03
   3  Sigma        1.31979e-01   3.08389e-03   4.33513e-05  -2.43950e-03
 FCN=95.3025 FROM MIGRAD    STATUS=CONVERGED      87 CALLS          88 TOTAL
                     EDM=1.42028e-08    STRATEGY= 1      ERROR MATRIX ACCURATE 
  EXT PARAMETER                                   STEP         FIRST   
  NO.   NAME      VALUE            ERROR          SIZE      DERIVATIVE 
   1  Constant     1.55310e+01   6.07897e-01   2.05700e-03  -1.95485e-04
   2  Mean         5.09384e-01   5.88302e-03   2.76376e-05  -1.19568e-03
   3  Sigma        1.31323e-01   9.28662e-03   1.02797e-04   1.98168e-03

 Hcal ncer fit params 15.531 0.509384 0.131323

 FCN=236.044 FROM MIGRAD    STATUS=CONVERGED      67 CALLS          68 TOTAL
                     EDM=1.20966e-09    STRATEGY= 1      ERROR MATRIX ACCURATE 
  EXT PARAMETER                                   STEP         FIRST   
  NO.   NAME      VALUE            ERROR          SIZE      DERIVATIVE 
   1  Constant     1.63051e+01   5.32014e-01   2.97039e-03   7.56907e-05
   2  Mean         7.30313e-01   3.27785e-03   2.41231e-05   1.14515e-02
   3  Sigma        1.26824e-01   3.02075e-03   4.24830e-05   4.20361e-03
 FCN=82.7624 FROM MIGRAD    STATUS=CONVERGED      80 CALLS          81 TOTAL
                     EDM=3.48875e-07    STRATEGY= 1      ERROR MATRIX ACCURATE 
  EXT PARAMETER                                   STEP         FIRST   
  NO.   NAME      VALUE            ERROR          SIZE      DERIVATIVE 
   1  Constant     1.69838e+01   6.46953e-01   2.06040e-03   1.28222e-03
   2  Mean         7.15336e-01   5.39790e-03   2.29919e-05   3.82278e-02
   3  Sigma        1.22453e-01   8.03461e-03   8.63498e-05   4.32305e-02

 Hcal nscint fit params 16.9838 0.715336 0.122453

 FCN=291.065 FROM MIGRAD    STATUS=CONVERGED      75 CALLS          76 TOTAL
                     EDM=3.75727e-07    STRATEGY= 1      ERROR MATRIX ACCURATE 
  EXT PARAMETER                                   STEP         FIRST   
  NO.   NAME      VALUE            ERROR          SIZE      DERIVATIVE 
   1  Constant     1.02896e+01   3.58481e-01   2.22463e-03   1.48342e-03
   2  Mean         9.37567e-01   5.27030e-03   4.31962e-05  -1.83842e-02
   3  Sigma        1.80013e-01   5.20118e-03   6.06925e-05   1.15091e-01
 FCN=176.487 FROM MIGRAD    STATUS=CONVERGED      76 CALLS          77 TOTAL
                     EDM=1.70613e-10    STRATEGY= 1  ERROR MATRIX UNCERTAINTY   2.1 per cent
  EXT PARAMETER                                   STEP         FIRST   
  NO.   NAME      VALUE            ERROR          SIZE      DERIVATIVE 
   1  Constant     1.05067e+01   4.30141e-01  -1.07075e-04  -5.60072e-05
   2  Mean         9.32451e-01   7.79004e-03  -6.21911e-06  -1.00279e-03
   3  Sigma        1.74032e-01   1.21367e-02  -3.92330e-05  -3.20404e-05

 Hcal corr fit params 10.5067 0.932451 0.174032

biggest hit time was 87741
